{"C:\\Users\\jassu\\OneDrive\\Desktop\\goodnewsbaby\\finalproject\\crowd-funding-platform-client\\backend\\server\\donor-service\\controllers\\donorController.js": {"path":"C:\\Users\\jassu\\OneDrive\\Desktop\\goodnewsbaby\\finalproject\\crowd-funding-platform-client\\backend\\server\\donor-service\\controllers\\donorController.js","statementMap":{"0":{"start":{"line":5,"column":0},"end":{"line":5,"column":16}},"1":{"start":{"line":7,"column":24},"end":{"line":10,"column":2}},"2":{"start":{"line":12,"column":30},"end":{"line":24,"column":1}},"3":{"start":{"line":13,"column":2},"end":{"line":23,"column":3}},"4":{"start":{"line":14,"column":65},"end":{"line":14,"column":73}},"5":{"start":{"line":15,"column":21},"end":{"line":19,"column":5}},"6":{"start":{"line":20,"column":4},"end":{"line":20,"column":43}},"7":{"start":{"line":22,"column":4},"end":{"line":22,"column":49}},"8":{"start":{"line":26,"column":36},"end":{"line":64,"column":1}},"9":{"start":{"line":27,"column":2},"end":{"line":63,"column":3}},"10":{"start":{"line":28,"column":31},"end":{"line":28,"column":39}},"11":{"start":{"line":29,"column":23},"end":{"line":29,"column":36}},"12":{"start":{"line":31,"column":28},"end":{"line":34,"column":5}},"13":{"start":{"line":36,"column":4},"end":{"line":37,"column":67}},"14":{"start":{"line":37,"column":6},"end":{"line":37,"column":67}},"15":{"start":{"line":39,"column":21},"end":{"line":39,"column":44}},"16":{"start":{"line":41,"column":4},"end":{"line":46,"column":5}},"17":{"start":{"line":42,"column":6},"end":{"line":45,"column":8}},"18":{"start":{"line":48,"column":4},"end":{"line":53,"column":5}},"19":{"start":{"line":49,"column":6},"end":{"line":52,"column":8}},"20":{"start":{"line":55,"column":14},"end":{"line":58,"column":5}},"21":{"start":{"line":60,"column":4},"end":{"line":60,"column":24}},"22":{"start":{"line":62,"column":4},"end":{"line":62,"column":49}},"23":{"start":{"line":66,"column":30},"end":{"line":99,"column":1}},"24":{"start":{"line":67,"column":2},"end":{"line":98,"column":3}},"25":{"start":{"line":68,"column":23},"end":{"line":68,"column":36}},"26":{"start":{"line":70,"column":28},"end":{"line":73,"column":5}},"27":{"start":{"line":75,"column":4},"end":{"line":76,"column":67}},"28":{"start":{"line":76,"column":6},"end":{"line":76,"column":67}},"29":{"start":{"line":78,"column":21},"end":{"line":78,"column":44}},"30":{"start":{"line":80,"column":4},"end":{"line":85,"column":5}},"31":{"start":{"line":81,"column":6},"end":{"line":84,"column":8}},"32":{"start":{"line":87,"column":14},"end":{"line":90,"column":5}},"33":{"start":{"line":92,"column":4},"end":{"line":93,"column":67}},"34":{"start":{"line":93,"column":6},"end":{"line":93,"column":67}},"35":{"start":{"line":95,"column":4},"end":{"line":95,"column":73}},"36":{"start":{"line":97,"column":4},"end":{"line":97,"column":49}},"37":{"start":{"line":101,"column":27},"end":{"line":115,"column":1}},"38":{"start":{"line":102,"column":2},"end":{"line":114,"column":3}},"39":{"start":{"line":103,"column":14},"end":{"line":106,"column":5}},"40":{"start":{"line":108,"column":4},"end":{"line":109,"column":67}},"41":{"start":{"line":109,"column":6},"end":{"line":109,"column":67}},"42":{"start":{"line":111,"column":4},"end":{"line":111,"column":24}},"43":{"start":{"line":113,"column":4},"end":{"line":113,"column":49}},"44":{"start":{"line":117,"column":35},"end":{"line":132,"column":1}},"45":{"start":{"line":118,"column":2},"end":{"line":131,"column":3}},"46":{"start":{"line":119,"column":22},"end":{"line":119,"column":32}},"47":{"start":{"line":120,"column":14},"end":{"line":127,"column":5}},"48":{"start":{"line":128,"column":4},"end":{"line":128,"column":21}},"49":{"start":{"line":130,"column":4},"end":{"line":130,"column":49}},"50":{"start":{"line":134,"column":31},"end":{"line":146,"column":1}},"51":{"start":{"line":135,"column":2},"end":{"line":145,"column":3}},"52":{"start":{"line":136,"column":14},"end":{"line":141,"column":5}},"53":{"start":{"line":142,"column":4},"end":{"line":142,"column":21}},"54":{"start":{"line":144,"column":4},"end":{"line":144,"column":49}},"55":{"start":{"line":148,"column":27},"end":{"line":185,"column":1}},"56":{"start":{"line":149,"column":2},"end":{"line":184,"column":3}},"57":{"start":{"line":150,"column":65},"end":{"line":150,"column":73}},"58":{"start":{"line":152,"column":21},"end":{"line":156,"column":5}},"59":{"start":{"line":158,"column":25},"end":{"line":158,"column":41}},"60":{"start":{"line":160,"column":20},"end":{"line":165,"column":5}},"61":{"start":{"line":167,"column":18},"end":{"line":167,"column":55}},"62":{"start":{"line":169,"column":24},"end":{"line":173,"column":5}},"63":{"start":{"line":175,"column":4},"end":{"line":181,"column":7}},"64":{"start":{"line":183,"column":4},"end":{"line":183,"column":62}},"65":{"start":{"line":187,"column":29},"end":{"line":221,"column":1}},"66":{"start":{"line":188,"column":2},"end":{"line":220,"column":3}},"67":{"start":{"line":195,"column":8},"end":{"line":195,"column":16}},"68":{"start":{"line":197,"column":17},"end":{"line":197,"column":62}},"69":{"start":{"line":199,"column":30},"end":{"line":202,"column":20}},"70":{"start":{"line":204,"column":4},"end":{"line":205,"column":76}},"71":{"start":{"line":205,"column":6},"end":{"line":205,"column":76}},"72":{"start":{"line":207,"column":4},"end":{"line":210,"column":6}},"73":{"start":{"line":212,"column":4},"end":{"line":215,"column":6}},"74":{"start":{"line":217,"column":4},"end":{"line":217,"column":59}},"75":{"start":{"line":219,"column":4},"end":{"line":219,"column":67}}},"fnMap":{"0":{"name":"(anonymous_0)","decl":{"start":{"line":12,"column":30},"end":{"line":12,"column":31}},"loc":{"start":{"line":12,"column":50},"end":{"line":24,"column":1}},"line":12},"1":{"name":"(anonymous_1)","decl":{"start":{"line":26,"column":36},"end":{"line":26,"column":37}},"loc":{"start":{"line":26,"column":56},"end":{"line":64,"column":1}},"line":26},"2":{"name":"(anonymous_2)","decl":{"start":{"line":66,"column":30},"end":{"line":66,"column":31}},"loc":{"start":{"line":66,"column":50},"end":{"line":99,"column":1}},"line":66},"3":{"name":"(anonymous_3)","decl":{"start":{"line":101,"column":27},"end":{"line":101,"column":28}},"loc":{"start":{"line":101,"column":47},"end":{"line":115,"column":1}},"line":101},"4":{"name":"(anonymous_4)","decl":{"start":{"line":117,"column":35},"end":{"line":117,"column":36}},"loc":{"start":{"line":117,"column":55},"end":{"line":132,"column":1}},"line":117},"5":{"name":"(anonymous_5)","decl":{"start":{"line":134,"column":31},"end":{"line":134,"column":32}},"loc":{"start":{"line":134,"column":51},"end":{"line":146,"column":1}},"line":134},"6":{"name":"(anonymous_6)","decl":{"start":{"line":148,"column":27},"end":{"line":148,"column":28}},"loc":{"start":{"line":148,"column":47},"end":{"line":185,"column":1}},"line":148},"7":{"name":"(anonymous_7)","decl":{"start":{"line":187,"column":29},"end":{"line":187,"column":30}},"loc":{"start":{"line":187,"column":49},"end":{"line":221,"column":1}},"line":187}},"branchMap":{"0":{"loc":{"start":{"line":36,"column":4},"end":{"line":37,"column":67}},"type":"if","locations":[{"start":{"line":36,"column":4},"end":{"line":37,"column":67}},{"start":{},"end":{}}],"line":36},"1":{"loc":{"start":{"line":41,"column":4},"end":{"line":46,"column":5}},"type":"if","locations":[{"start":{"line":41,"column":4},"end":{"line":46,"column":5}},{"start":{},"end":{}}],"line":41},"2":{"loc":{"start":{"line":41,"column":8},"end":{"line":41,"column":77}},"type":"binary-expr","locations":[{"start":{"line":41,"column":8},"end":{"line":41,"column":36}},{"start":{"line":41,"column":40},"end":{"line":41,"column":77}}],"line":41},"3":{"loc":{"start":{"line":48,"column":4},"end":{"line":53,"column":5}},"type":"if","locations":[{"start":{"line":48,"column":4},"end":{"line":53,"column":5}},{"start":{},"end":{}}],"line":48},"4":{"loc":{"start":{"line":48,"column":8},"end":{"line":48,"column":77}},"type":"binary-expr","locations":[{"start":{"line":48,"column":8},"end":{"line":48,"column":45}},{"start":{"line":48,"column":49},"end":{"line":48,"column":77}}],"line":48},"5":{"loc":{"start":{"line":75,"column":4},"end":{"line":76,"column":67}},"type":"if","locations":[{"start":{"line":75,"column":4},"end":{"line":76,"column":67}},{"start":{},"end":{}}],"line":75},"6":{"loc":{"start":{"line":80,"column":4},"end":{"line":85,"column":5}},"type":"if","locations":[{"start":{"line":80,"column":4},"end":{"line":85,"column":5}},{"start":{},"end":{}}],"line":80},"7":{"loc":{"start":{"line":92,"column":4},"end":{"line":93,"column":67}},"type":"if","locations":[{"start":{"line":92,"column":4},"end":{"line":93,"column":67}},{"start":{},"end":{}}],"line":92},"8":{"loc":{"start":{"line":108,"column":4},"end":{"line":109,"column":67}},"type":"if","locations":[{"start":{"line":108,"column":4},"end":{"line":109,"column":67}},{"start":{},"end":{}}],"line":108},"9":{"loc":{"start":{"line":204,"column":4},"end":{"line":205,"column":76}},"type":"if","locations":[{"start":{"line":204,"column":4},"end":{"line":205,"column":76}},{"start":{},"end":{}}],"line":204}},"s":{"0":1,"1":1,"2":1,"3":2,"4":2,"5":2,"6":2,"7":1,"8":1,"9":3,"10":3,"11":3,"12":3,"13":2,"14":1,"15":1,"16":1,"17":0,"18":1,"19":0,"20":1,"21":1,"22":1,"23":1,"24":3,"25":3,"26":3,"27":2,"28":0,"29":2,"30":2,"31":0,"32":2,"33":2,"34":1,"35":1,"36":1,"37":1,"38":3,"39":3,"40":2,"41":1,"42":1,"43":1,"44":1,"45":2,"46":2,"47":2,"48":1,"49":1,"50":1,"51":2,"52":2,"53":1,"54":1,"55":1,"56":3,"57":3,"58":3,"59":2,"60":2,"61":1,"62":1,"63":1,"64":2,"65":1,"66":4,"67":4,"68":4,"69":4,"70":4,"71":2,"72":2,"73":1,"74":1,"75":1},"f":{"0":2,"1":3,"2":3,"3":3,"4":2,"5":2,"6":3,"7":4},"b":{"0":[1,1],"1":[0,1],"2":[1,1],"3":[0,1],"4":[1,1],"5":[0,2],"6":[0,2],"7":[1,1],"8":[1,1],"9":[2,2]},"_coverageSchema":"1a1c01bbd47fc00a2c39e90264f33305004495a9","hash":"33f22657bb3511a078c6f1c7f3dfcf7123f9c7ee"}
,"C:\\Users\\jassu\\OneDrive\\Desktop\\goodnewsbaby\\finalproject\\crowd-funding-platform-client\\backend\\server\\donor-service\\controllers\\transactionController.js": {"path":"C:\\Users\\jassu\\OneDrive\\Desktop\\goodnewsbaby\\finalproject\\crowd-funding-platform-client\\backend\\server\\donor-service\\controllers\\transactionController.js","statementMap":{"0":{"start":{"line":3,"column":33},"end":{"line":22,"column":1}},"1":{"start":{"line":4,"column":2},"end":{"line":21,"column":3}},"2":{"start":{"line":10,"column":8},"end":{"line":10,"column":16}},"3":{"start":{"line":12,"column":14},"end":{"line":16,"column":5}},"4":{"start":{"line":18,"column":4},"end":{"line":18,"column":36}},"5":{"start":{"line":20,"column":4},"end":{"line":20,"column":49}},"6":{"start":{"line":23,"column":34},"end":{"line":30,"column":1}},"7":{"start":{"line":24,"column":2},"end":{"line":29,"column":3}},"8":{"start":{"line":25,"column":14},"end":{"line":25,"column":91}},"9":{"start":{"line":26,"column":4},"end":{"line":26,"column":21}},"10":{"start":{"line":28,"column":4},"end":{"line":28,"column":49}},"11":{"start":{"line":32,"column":30},"end":{"line":44,"column":1}},"12":{"start":{"line":33,"column":2},"end":{"line":43,"column":3}},"13":{"start":{"line":34,"column":14},"end":{"line":37,"column":5}},"14":{"start":{"line":38,"column":4},"end":{"line":39,"column":70}},"15":{"start":{"line":39,"column":6},"end":{"line":39,"column":70}},"16":{"start":{"line":40,"column":4},"end":{"line":40,"column":24}},"17":{"start":{"line":42,"column":4},"end":{"line":42,"column":49}},"18":{"start":{"line":46,"column":39},"end":{"line":59,"column":1}},"19":{"start":{"line":47,"column":2},"end":{"line":58,"column":3}},"20":{"start":{"line":48,"column":35},"end":{"line":48,"column":43}},"21":{"start":{"line":49,"column":14},"end":{"line":52,"column":5}},"22":{"start":{"line":53,"column":4},"end":{"line":54,"column":70}},"23":{"start":{"line":54,"column":6},"end":{"line":54,"column":70}},"24":{"start":{"line":55,"column":4},"end":{"line":55,"column":24}},"25":{"start":{"line":57,"column":4},"end":{"line":57,"column":49}},"26":{"start":{"line":61,"column":33},"end":{"line":73,"column":1}},"27":{"start":{"line":62,"column":2},"end":{"line":72,"column":3}},"28":{"start":{"line":63,"column":14},"end":{"line":66,"column":5}},"29":{"start":{"line":67,"column":4},"end":{"line":68,"column":70}},"30":{"start":{"line":68,"column":6},"end":{"line":68,"column":70}},"31":{"start":{"line":69,"column":4},"end":{"line":69,"column":37}},"32":{"start":{"line":71,"column":4},"end":{"line":71,"column":49}}},"fnMap":{"0":{"name":"(anonymous_0)","decl":{"start":{"line":3,"column":33},"end":{"line":3,"column":34}},"loc":{"start":{"line":3,"column":53},"end":{"line":22,"column":1}},"line":3},"1":{"name":"(anonymous_1)","decl":{"start":{"line":23,"column":34},"end":{"line":23,"column":35}},"loc":{"start":{"line":23,"column":54},"end":{"line":30,"column":1}},"line":23},"2":{"name":"(anonymous_2)","decl":{"start":{"line":32,"column":30},"end":{"line":32,"column":31}},"loc":{"start":{"line":32,"column":50},"end":{"line":44,"column":1}},"line":32},"3":{"name":"(anonymous_3)","decl":{"start":{"line":46,"column":39},"end":{"line":46,"column":40}},"loc":{"start":{"line":46,"column":59},"end":{"line":59,"column":1}},"line":46},"4":{"name":"(anonymous_4)","decl":{"start":{"line":61,"column":33},"end":{"line":61,"column":34}},"loc":{"start":{"line":61,"column":53},"end":{"line":73,"column":1}},"line":61}},"branchMap":{"0":{"loc":{"start":{"line":38,"column":4},"end":{"line":39,"column":70}},"type":"if","locations":[{"start":{"line":38,"column":4},"end":{"line":39,"column":70}},{"start":{},"end":{}}],"line":38},"1":{"loc":{"start":{"line":53,"column":4},"end":{"line":54,"column":70}},"type":"if","locations":[{"start":{"line":53,"column":4},"end":{"line":54,"column":70}},{"start":{},"end":{}}],"line":53},"2":{"loc":{"start":{"line":67,"column":4},"end":{"line":68,"column":70}},"type":"if","locations":[{"start":{"line":67,"column":4},"end":{"line":68,"column":70}},{"start":{},"end":{}}],"line":67}},"s":{"0":1,"1":1,"2":1,"3":1,"4":1,"5":0,"6":1,"7":0,"8":0,"9":0,"10":0,"11":1,"12":4,"13":4,"14":2,"15":2,"16":0,"17":2,"18":1,"19":2,"20":2,"21":2,"22":1,"23":0,"24":1,"25":1,"26":1,"27":3,"28":3,"29":2,"30":1,"31":1,"32":1},"f":{"0":1,"1":0,"2":4,"3":2,"4":3},"b":{"0":[2,0],"1":[0,1],"2":[1,1]},"_coverageSchema":"1a1c01bbd47fc00a2c39e90264f33305004495a9","hash":"9139a3eeae2ead50f9debc9500e7d1ac8b5999b3"}
}
