TN:
SF:controllers\donorController.js
FN:12,(anonymous_0)
FN:26,(anonymous_1)
FN:66,(anonymous_2)
FN:101,(anonymous_3)
FN:117,(anonymous_4)
FN:134,(anonymous_5)
FN:148,(anonymous_6)
FN:187,(anonymous_7)
FNF:8
FNH:8
FNDA:2,(anonymous_0)
FNDA:3,(anonymous_1)
FNDA:3,(anonymous_2)
FNDA:3,(anonymous_3)
FNDA:2,(anonymous_4)
FNDA:2,(anonymous_5)
FNDA:3,(anonymous_6)
FNDA:4,(anonymous_7)
DA:5,1
DA:7,1
DA:12,1
DA:13,2
DA:14,2
DA:15,2
DA:20,2
DA:22,1
DA:26,1
DA:27,3
DA:28,3
DA:29,3
DA:31,3
DA:36,2
DA:37,1
DA:39,1
DA:41,1
DA:42,0
DA:48,1
DA:49,0
DA:55,1
DA:60,1
DA:62,1
DA:66,1
DA:67,3
DA:68,3
DA:70,3
DA:75,2
DA:76,0
DA:78,2
DA:80,2
DA:81,0
DA:87,2
DA:92,2
DA:93,1
DA:95,1
DA:97,1
DA:101,1
DA:102,3
DA:103,3
DA:108,2
DA:109,1
DA:111,1
DA:113,1
DA:117,1
DA:118,2
DA:119,2
DA:120,2
DA:128,1
DA:130,1
DA:134,1
DA:135,2
DA:136,2
DA:142,1
DA:144,1
DA:148,1
DA:149,3
DA:150,3
DA:152,3
DA:158,2
DA:160,2
DA:167,1
DA:169,1
DA:175,1
DA:183,2
DA:187,1
DA:188,4
DA:195,4
DA:197,4
DA:199,4
DA:204,4
DA:205,2
DA:207,2
DA:212,1
DA:217,1
DA:219,1
LF:76
LH:72
BRDA:36,0,0,1
BRDA:36,0,1,1
BRDA:41,1,0,0
BRDA:41,1,1,1
BRDA:41,2,0,1
BRDA:41,2,1,1
BRDA:48,3,0,0
BRDA:48,3,1,1
BRDA:48,4,0,1
BRDA:48,4,1,1
BRDA:75,5,0,0
BRDA:75,5,1,2
BRDA:80,6,0,0
BRDA:80,6,1,2
BRDA:92,7,0,1
BRDA:92,7,1,1
BRDA:108,8,0,1
BRDA:108,8,1,1
BRDA:204,9,0,2
BRDA:204,9,1,2
BRF:20
BRH:16
end_of_record
TN:
SF:controllers\transactionController.js
FN:3,(anonymous_0)
FN:23,(anonymous_1)
FN:32,(anonymous_2)
FN:46,(anonymous_3)
FN:61,(anonymous_4)
FNF:5
FNH:4
FNDA:1,(anonymous_0)
FNDA:0,(anonymous_1)
FNDA:4,(anonymous_2)
FNDA:2,(anonymous_3)
FNDA:3,(anonymous_4)
DA:3,1
DA:4,1
DA:10,1
DA:12,1
DA:18,1
DA:20,0
DA:23,1
DA:24,0
DA:25,0
DA:26,0
DA:28,0
DA:32,1
DA:33,4
DA:34,4
DA:38,2
DA:39,2
DA:40,0
DA:42,2
DA:46,1
DA:47,2
DA:48,2
DA:49,2
DA:53,1
DA:54,0
DA:55,1
DA:57,1
DA:61,1
DA:62,3
DA:63,3
DA:67,2
DA:68,1
DA:69,1
DA:71,1
LF:33
LH:26
BRDA:38,0,0,2
BRDA:38,0,1,0
BRDA:53,1,0,0
BRDA:53,1,1,1
BRDA:67,2,0,1
BRDA:67,2,1,1
BRF:6
BRH:4
end_of_record
