{"C:\\Users\\jassu\\OneDrive\\Desktop\\goodnewsbaby\\finalproject\\crowd-funding-platform-client\\backend\\server\\campaign-service\\controllers\\campaignController.js": {"path":"C:\\Users\\jassu\\OneDrive\\Desktop\\goodnewsbaby\\finalproject\\crowd-funding-platform-client\\backend\\server\\campaign-service\\controllers\\campaignController.js","statementMap":{"0":{"start":{"line":5,"column":30},"end":{"line":52,"column":1}},"1":{"start":{"line":6,"column":2},"end":{"line":51,"column":3}},"2":{"start":{"line":15,"column":8},"end":{"line":15,"column":16}},"3":{"start":{"line":17,"column":19},"end":{"line":17,"column":23}},"4":{"start":{"line":18,"column":4},"end":{"line":18,"column":69}},"5":{"start":{"line":18,"column":18},"end":{"line":18,"column":69}},"6":{"start":{"line":20,"column":19},"end":{"line":34,"column":5}},"7":{"start":{"line":36,"column":21},"end":{"line":36,"column":35}},"8":{"start":{"line":38,"column":21},"end":{"line":40,"column":5}},"9":{"start":{"line":41,"column":24},"end":{"line":41,"column":57}},"10":{"start":{"line":41,"column":49},"end":{"line":41,"column":56}},"11":{"start":{"line":43,"column":4},"end":{"line":45,"column":5}},"12":{"start":{"line":44,"column":6},"end":{"line":44,"column":53}},"13":{"start":{"line":47,"column":4},"end":{"line":47,"column":42}},"14":{"start":{"line":49,"column":4},"end":{"line":49,"column":51}},"15":{"start":{"line":50,"column":4},"end":{"line":50,"column":65}},"16":{"start":{"line":53,"column":28},"end":{"line":60,"column":1}},"17":{"start":{"line":54,"column":2},"end":{"line":59,"column":3}},"18":{"start":{"line":55,"column":14},"end":{"line":55,"column":57}},"19":{"start":{"line":56,"column":4},"end":{"line":56,"column":21}},"20":{"start":{"line":58,"column":4},"end":{"line":58,"column":49}},"21":{"start":{"line":62,"column":31},"end":{"line":73,"column":1}},"22":{"start":{"line":63,"column":2},"end":{"line":72,"column":3}},"23":{"start":{"line":64,"column":14},"end":{"line":66,"column":6}},"24":{"start":{"line":67,"column":4},"end":{"line":68,"column":67}},"25":{"start":{"line":68,"column":6},"end":{"line":68,"column":67}},"26":{"start":{"line":69,"column":4},"end":{"line":69,"column":24}},"27":{"start":{"line":71,"column":4},"end":{"line":71,"column":49}},"28":{"start":{"line":75,"column":30},"end":{"line":111,"column":1}},"29":{"start":{"line":76,"column":2},"end":{"line":110,"column":3}},"30":{"start":{"line":85,"column":8},"end":{"line":85,"column":16}},"31":{"start":{"line":86,"column":19},"end":{"line":86,"column":23}},"32":{"start":{"line":87,"column":4},"end":{"line":87,"column":69}},"33":{"start":{"line":87,"column":18},"end":{"line":87,"column":69}},"34":{"start":{"line":89,"column":14},"end":{"line":104,"column":5}},"35":{"start":{"line":105,"column":4},"end":{"line":106,"column":67}},"36":{"start":{"line":106,"column":6},"end":{"line":106,"column":67}},"37":{"start":{"line":107,"column":4},"end":{"line":107,"column":24}},"38":{"start":{"line":109,"column":4},"end":{"line":109,"column":49}},"39":{"start":{"line":113,"column":30},"end":{"line":122,"column":1}},"40":{"start":{"line":114,"column":2},"end":{"line":121,"column":3}},"41":{"start":{"line":115,"column":4},"end":{"line":117,"column":7}},"42":{"start":{"line":118,"column":4},"end":{"line":118,"column":46}},"43":{"start":{"line":120,"column":4},"end":{"line":120,"column":49}},"44":{"start":{"line":123,"column":35},"end":{"line":141,"column":1}},"45":{"start":{"line":124,"column":2},"end":{"line":140,"column":3}},"46":{"start":{"line":125,"column":22},"end":{"line":125,"column":32}},"47":{"start":{"line":127,"column":14},"end":{"line":130,"column":5}},"48":{"start":{"line":132,"column":4},"end":{"line":134,"column":5}},"49":{"start":{"line":133,"column":6},"end":{"line":133,"column":56}},"50":{"start":{"line":136,"column":4},"end":{"line":136,"column":51}},"51":{"start":{"line":138,"column":4},"end":{"line":138,"column":64}},"52":{"start":{"line":139,"column":4},"end":{"line":139,"column":49}},"53":{"start":{"line":143,"column":30},"end":{"line":154,"column":1}},"54":{"start":{"line":144,"column":2},"end":{"line":153,"column":3}},"55":{"start":{"line":145,"column":43},"end":{"line":145,"column":51}},"56":{"start":{"line":146,"column":14},"end":{"line":149,"column":5}},"57":{"start":{"line":150,"column":4},"end":{"line":150,"column":24}},"58":{"start":{"line":152,"column":4},"end":{"line":152,"column":49}},"59":{"start":{"line":156,"column":29},"end":{"line":163,"column":1}},"60":{"start":{"line":157,"column":2},"end":{"line":162,"column":3}},"61":{"start":{"line":158,"column":14},"end":{"line":158,"column":67}},"62":{"start":{"line":159,"column":4},"end":{"line":159,"column":21}},"63":{"start":{"line":161,"column":4},"end":{"line":161,"column":49}},"64":{"start":{"line":165,"column":35},"end":{"line":176,"column":1}},"65":{"start":{"line":166,"column":2},"end":{"line":175,"column":3}},"66":{"start":{"line":167,"column":41},"end":{"line":167,"column":49}},"67":{"start":{"line":168,"column":14},"end":{"line":171,"column":5}},"68":{"start":{"line":172,"column":4},"end":{"line":172,"column":24}},"69":{"start":{"line":174,"column":4},"end":{"line":174,"column":49}},"70":{"start":{"line":178,"column":24},"end":{"line":192,"column":1}},"71":{"start":{"line":179,"column":2},"end":{"line":191,"column":3}},"72":{"start":{"line":180,"column":40},"end":{"line":180,"column":48}},"73":{"start":{"line":181,"column":19},"end":{"line":181,"column":23}},"74":{"start":{"line":182,"column":4},"end":{"line":182,"column":74}},"75":{"start":{"line":182,"column":18},"end":{"line":182,"column":74}},"76":{"start":{"line":184,"column":14},"end":{"line":187,"column":5}},"77":{"start":{"line":188,"column":4},"end":{"line":188,"column":24}},"78":{"start":{"line":190,"column":4},"end":{"line":190,"column":49}},"79":{"start":{"line":194,"column":34},"end":{"line":204,"column":1}},"80":{"start":{"line":195,"column":2},"end":{"line":203,"column":3}},"81":{"start":{"line":196,"column":14},"end":{"line":199,"column":5}},"82":{"start":{"line":200,"column":4},"end":{"line":200,"column":21}},"83":{"start":{"line":202,"column":4},"end":{"line":202,"column":49}},"84":{"start":{"line":206,"column":30},"end":{"line":217,"column":1}},"85":{"start":{"line":207,"column":2},"end":{"line":216,"column":3}},"86":{"start":{"line":208,"column":65},"end":{"line":208,"column":73}},"87":{"start":{"line":209,"column":14},"end":{"line":212,"column":5}},"88":{"start":{"line":213,"column":4},"end":{"line":213,"column":24}},"89":{"start":{"line":215,"column":4},"end":{"line":215,"column":49}},"90":{"start":{"line":219,"column":38},"end":{"line":228,"column":1}},"91":{"start":{"line":220,"column":2},"end":{"line":227,"column":3}},"92":{"start":{"line":221,"column":14},"end":{"line":223,"column":6}},"93":{"start":{"line":224,"column":4},"end":{"line":224,"column":21}},"94":{"start":{"line":226,"column":4},"end":{"line":226,"column":49}},"95":{"start":{"line":230,"column":26},"end":{"line":241,"column":1}},"96":{"start":{"line":231,"column":2},"end":{"line":240,"column":3}},"97":{"start":{"line":232,"column":54},"end":{"line":232,"column":62}},"98":{"start":{"line":233,"column":14},"end":{"line":236,"column":5}},"99":{"start":{"line":237,"column":4},"end":{"line":237,"column":24}},"100":{"start":{"line":239,"column":4},"end":{"line":239,"column":49}},"101":{"start":{"line":243,"column":37},"end":{"line":253,"column":1}},"102":{"start":{"line":244,"column":2},"end":{"line":252,"column":3}},"103":{"start":{"line":245,"column":14},"end":{"line":248,"column":5}},"104":{"start":{"line":249,"column":4},"end":{"line":249,"column":21}},"105":{"start":{"line":251,"column":4},"end":{"line":251,"column":49}}},"fnMap":{"0":{"name":"(anonymous_0)","decl":{"start":{"line":5,"column":30},"end":{"line":5,"column":31}},"loc":{"start":{"line":5,"column":50},"end":{"line":52,"column":1}},"line":5},"1":{"name":"(anonymous_1)","decl":{"start":{"line":41,"column":42},"end":{"line":41,"column":43}},"loc":{"start":{"line":41,"column":49},"end":{"line":41,"column":56}},"line":41},"2":{"name":"(anonymous_2)","decl":{"start":{"line":53,"column":28},"end":{"line":53,"column":29}},"loc":{"start":{"line":53,"column":48},"end":{"line":60,"column":1}},"line":53},"3":{"name":"(anonymous_3)","decl":{"start":{"line":62,"column":31},"end":{"line":62,"column":32}},"loc":{"start":{"line":62,"column":51},"end":{"line":73,"column":1}},"line":62},"4":{"name":"(anonymous_4)","decl":{"start":{"line":75,"column":30},"end":{"line":75,"column":31}},"loc":{"start":{"line":75,"column":50},"end":{"line":111,"column":1}},"line":75},"5":{"name":"(anonymous_5)","decl":{"start":{"line":113,"column":30},"end":{"line":113,"column":31}},"loc":{"start":{"line":113,"column":50},"end":{"line":122,"column":1}},"line":113},"6":{"name":"(anonymous_6)","decl":{"start":{"line":123,"column":35},"end":{"line":123,"column":36}},"loc":{"start":{"line":123,"column":55},"end":{"line":141,"column":1}},"line":123},"7":{"name":"(anonymous_7)","decl":{"start":{"line":143,"column":30},"end":{"line":143,"column":31}},"loc":{"start":{"line":143,"column":50},"end":{"line":154,"column":1}},"line":143},"8":{"name":"(anonymous_8)","decl":{"start":{"line":156,"column":29},"end":{"line":156,"column":30}},"loc":{"start":{"line":156,"column":49},"end":{"line":163,"column":1}},"line":156},"9":{"name":"(anonymous_9)","decl":{"start":{"line":165,"column":35},"end":{"line":165,"column":36}},"loc":{"start":{"line":165,"column":55},"end":{"line":176,"column":1}},"line":165},"10":{"name":"(anonymous_10)","decl":{"start":{"line":178,"column":24},"end":{"line":178,"column":25}},"loc":{"start":{"line":178,"column":44},"end":{"line":192,"column":1}},"line":178},"11":{"name":"(anonymous_11)","decl":{"start":{"line":194,"column":34},"end":{"line":194,"column":35}},"loc":{"start":{"line":194,"column":54},"end":{"line":204,"column":1}},"line":194},"12":{"name":"(anonymous_12)","decl":{"start":{"line":206,"column":30},"end":{"line":206,"column":31}},"loc":{"start":{"line":206,"column":50},"end":{"line":217,"column":1}},"line":206},"13":{"name":"(anonymous_13)","decl":{"start":{"line":219,"column":38},"end":{"line":219,"column":39}},"loc":{"start":{"line":219,"column":58},"end":{"line":228,"column":1}},"line":219},"14":{"name":"(anonymous_14)","decl":{"start":{"line":230,"column":26},"end":{"line":230,"column":27}},"loc":{"start":{"line":230,"column":46},"end":{"line":241,"column":1}},"line":230},"15":{"name":"(anonymous_15)","decl":{"start":{"line":243,"column":37},"end":{"line":243,"column":38}},"loc":{"start":{"line":243,"column":57},"end":{"line":253,"column":1}},"line":243}},"branchMap":{"0":{"loc":{"start":{"line":18,"column":4},"end":{"line":18,"column":69}},"type":"if","locations":[{"start":{"line":18,"column":4},"end":{"line":18,"column":69}},{"start":{},"end":{}}],"line":18},"1":{"loc":{"start":{"line":43,"column":4},"end":{"line":45,"column":5}},"type":"if","locations":[{"start":{"line":43,"column":4},"end":{"line":45,"column":5}},{"start":{},"end":{}}],"line":43},"2":{"loc":{"start":{"line":67,"column":4},"end":{"line":68,"column":67}},"type":"if","locations":[{"start":{"line":67,"column":4},"end":{"line":68,"column":67}},{"start":{},"end":{}}],"line":67},"3":{"loc":{"start":{"line":87,"column":4},"end":{"line":87,"column":69}},"type":"if","locations":[{"start":{"line":87,"column":4},"end":{"line":87,"column":69}},{"start":{},"end":{}}],"line":87},"4":{"loc":{"start":{"line":105,"column":4},"end":{"line":106,"column":67}},"type":"if","locations":[{"start":{"line":105,"column":4},"end":{"line":106,"column":67}},{"start":{},"end":{}}],"line":105},"5":{"loc":{"start":{"line":132,"column":4},"end":{"line":134,"column":5}},"type":"if","locations":[{"start":{"line":132,"column":4},"end":{"line":134,"column":5}},{"start":{},"end":{}}],"line":132},"6":{"loc":{"start":{"line":182,"column":4},"end":{"line":182,"column":74}},"type":"if","locations":[{"start":{"line":182,"column":4},"end":{"line":182,"column":74}},{"start":{},"end":{}}],"line":182}},"s":{"0":1,"1":1,"2":1,"3":1,"4":1,"5":0,"6":1,"7":1,"8":1,"9":1,"10":1,"11":1,"12":1,"13":1,"14":0,"15":0,"16":1,"17":1,"18":1,"19":1,"20":0,"21":1,"22":1,"23":1,"24":1,"25":1,"26":0,"27":0,"28":1,"29":1,"30":1,"31":1,"32":1,"33":0,"34":1,"35":1,"36":0,"37":1,"38":0,"39":1,"40":1,"41":1,"42":1,"43":0,"44":1,"45":1,"46":1,"47":1,"48":1,"49":0,"50":1,"51":0,"52":0,"53":1,"54":1,"55":1,"56":1,"57":1,"58":0,"59":1,"60":1,"61":1,"62":1,"63":0,"64":1,"65":1,"66":1,"67":1,"68":1,"69":0,"70":1,"71":1,"72":1,"73":1,"74":1,"75":1,"76":1,"77":1,"78":0,"79":1,"80":1,"81":1,"82":1,"83":0,"84":1,"85":1,"86":1,"87":1,"88":1,"89":0,"90":1,"91":1,"92":1,"93":1,"94":0,"95":1,"96":1,"97":1,"98":1,"99":1,"100":0,"101":1,"102":1,"103":1,"104":1,"105":0},"f":{"0":1,"1":1,"2":1,"3":1,"4":1,"5":1,"6":1,"7":1,"8":1,"9":1,"10":1,"11":1,"12":1,"13":1,"14":1,"15":1},"b":{"0":[0,1],"1":[1,0],"2":[1,0],"3":[0,1],"4":[0,1],"5":[0,1],"6":[1,0]},"_coverageSchema":"1a1c01bbd47fc00a2c39e90264f33305004495a9","hash":"88449aa1e3bbb313dd561e5c4266d6fd0a2aa7a6"}
,"C:\\Users\\jassu\\OneDrive\\Desktop\\goodnewsbaby\\finalproject\\crowd-funding-platform-client\\backend\\server\\campaign-service\\db\\aws.js": {"path":"C:\\Users\\jassu\\OneDrive\\Desktop\\goodnewsbaby\\finalproject\\crowd-funding-platform-client\\backend\\server\\campaign-service\\db\\aws.js","statementMap":{"0":{"start":{"line":3,"column":0},"end":{"line":3,"column":16}},"1":{"start":{"line":4,"column":0},"end":{"line":4,"column":39}},"2":{"start":{"line":5,"column":0},"end":{"line":5,"column":46}},"3":{"start":{"line":6,"column":0},"end":{"line":6,"column":50}},"4":{"start":{"line":8,"column":11},"end":{"line":14,"column":2}}},"fnMap":{},"branchMap":{},"s":{"0":1,"1":1,"2":1,"3":1,"4":1},"f":{},"b":{},"_coverageSchema":"1a1c01bbd47fc00a2c39e90264f33305004495a9","hash":"c9964df0adf43de5096a31686aa29bc1a98402b2"}
,"C:\\Users\\jassu\\OneDrive\\Desktop\\goodnewsbaby\\finalproject\\crowd-funding-platform-client\\backend\\server\\campaign-service\\db\\db.js": {"path":"C:\\Users\\jassu\\OneDrive\\Desktop\\goodnewsbaby\\finalproject\\crowd-funding-platform-client\\backend\\server\\campaign-service\\db\\db.js","statementMap":{"0":{"start":{"line":2,"column":17},"end":{"line":2,"column":20}},"1":{"start":{"line":4,"column":13},"end":{"line":11,"column":2}}},"fnMap":{},"branchMap":{},"s":{"0":1,"1":1},"f":{},"b":{},"_coverageSchema":"1a1c01bbd47fc00a2c39e90264f33305004495a9","hash":"e95883577de8f558fc8bea1ddac09e1c363d605e"}
,"C:\\Users\\jassu\\OneDrive\\Desktop\\goodnewsbaby\\finalproject\\crowd-funding-platform-client\\backend\\server\\campaign-service\\middleware\\uploadMiddleware.js": {"path":"C:\\Users\\jassu\\OneDrive\\Desktop\\goodnewsbaby\\finalproject\\crowd-funding-platform-client\\backend\\server\\campaign-service\\middleware\\uploadMiddleware.js","statementMap":{"0":{"start":{"line":5,"column":0},"end":{"line":5,"column":16}},"1":{"start":{"line":7,"column":16},"end":{"line":7,"column":38}},"2":{"start":{"line":8,"column":15},"end":{"line":8,"column":34}},"3":{"start":{"line":10,"column":0},"end":{"line":10,"column":42}},"4":{"start":{"line":11,"column":0},"end":{"line":11,"column":39}},"5":{"start":{"line":12,"column":0},"end":{"line":12,"column":46}},"6":{"start":{"line":13,"column":0},"end":{"line":13,"column":50}},"7":{"start":{"line":15,"column":26},"end":{"line":27,"column":1}},"8":{"start":{"line":16,"column":17},"end":{"line":24,"column":4}},"9":{"start":{"line":25,"column":17},"end":{"line":25,"column":36}},"10":{"start":{"line":26,"column":2},"end":{"line":26,"column":25}}},"fnMap":{"0":{"name":"(anonymous_0)","decl":{"start":{"line":15,"column":26},"end":{"line":15,"column":27}},"loc":{"start":{"line":15,"column":50},"end":{"line":27,"column":1}},"line":15}},"branchMap":{},"s":{"0":1,"1":1,"2":1,"3":1,"4":1,"5":1,"6":1,"7":1,"8":0,"9":0,"10":0},"f":{"0":0},"b":{},"_coverageSchema":"1a1c01bbd47fc00a2c39e90264f33305004495a9","hash":"0b0a01a8ce365af807b1ad3764947bf95543d3a0"}
,"C:\\Users\\jassu\\OneDrive\\Desktop\\goodnewsbaby\\finalproject\\crowd-funding-platform-client\\backend\\server\\campaign-service\\routes\\campaignRoutes.js": {"path":"C:\\Users\\jassu\\OneDrive\\Desktop\\goodnewsbaby\\finalproject\\crowd-funding-platform-client\\backend\\server\\campaign-service\\routes\\campaignRoutes.js","statementMap":{"0":{"start":{"line":21,"column":15},"end":{"line":21,"column":31}},"1":{"start":{"line":22,"column":15},"end":{"line":22,"column":58}},"2":{"start":{"line":24,"column":0},"end":{"line":24,"column":59}},"3":{"start":{"line":26,"column":0},"end":{"line":26,"column":75}},"4":{"start":{"line":27,"column":0},"end":{"line":27,"column":39}},"5":{"start":{"line":28,"column":0},"end":{"line":28,"column":46}},"6":{"start":{"line":29,"column":0},"end":{"line":29,"column":78}},"7":{"start":{"line":30,"column":0},"end":{"line":30,"column":48}},"8":{"start":{"line":32,"column":0},"end":{"line":32,"column":43}},"9":{"start":{"line":33,"column":0},"end":{"line":33,"column":41}},"10":{"start":{"line":34,"column":0},"end":{"line":34,"column":57}},"11":{"start":{"line":36,"column":0},"end":{"line":36,"column":61}},"12":{"start":{"line":37,"column":0},"end":{"line":37,"column":54}},"13":{"start":{"line":39,"column":0},"end":{"line":39,"column":42}},"14":{"start":{"line":40,"column":0},"end":{"line":40,"column":62}},"15":{"start":{"line":42,"column":0},"end":{"line":42,"column":37}},"16":{"start":{"line":43,"column":0},"end":{"line":43,"column":60}}},"fnMap":{},"branchMap":{},"s":{"0":1,"1":1,"2":1,"3":1,"4":1,"5":1,"6":1,"7":1,"8":1,"9":1,"10":1,"11":1,"12":1,"13":1,"14":1,"15":1,"16":1},"f":{},"b":{},"_coverageSchema":"1a1c01bbd47fc00a2c39e90264f33305004495a9","hash":"f99affa113b50bcb360d77c91dfc420fd01a21b0"}
,"C:\\Users\\jassu\\OneDrive\\Desktop\\goodnewsbaby\\finalproject\\crowd-funding-platform-client\\backend\\server\\campaign-service\\services\\emailService.js": {"path":"C:\\Users\\jassu\\OneDrive\\Desktop\\goodnewsbaby\\finalproject\\crowd-funding-platform-client\\backend\\server\\campaign-service\\services\\emailService.js","statementMap":{"0":{"start":{"line":3,"column":0},"end":{"line":3,"column":16}},"1":{"start":{"line":5,"column":0},"end":{"line":5,"column":56}},"2":{"start":{"line":6,"column":0},"end":{"line":9,"column":2}},"3":{"start":{"line":11,"column":20},"end":{"line":17,"column":2}},"4":{"start":{"line":19,"column":33},"end":{"line":38,"column":1}},"5":{"start":{"line":20,"column":22},"end":{"line":35,"column":3}},"6":{"start":{"line":37,"column":2},"end":{"line":37,"column":42}}},"fnMap":{"0":{"name":"(anonymous_0)","decl":{"start":{"line":19,"column":33},"end":{"line":19,"column":34}},"loc":{"start":{"line":19,"column":65},"end":{"line":38,"column":1}},"line":19}},"branchMap":{"0":{"loc":{"start":{"line":8,"column":2},"end":{"line":8,"column":49}},"type":"cond-expr","locations":[{"start":{"line":8,"column":27},"end":{"line":8,"column":36}},{"start":{"line":8,"column":39},"end":{"line":8,"column":49}}],"line":8}},"s":{"0":1,"1":1,"2":1,"3":1,"4":1,"5":0,"6":0},"f":{"0":0},"b":{"0":[1,0]},"_coverageSchema":"1a1c01bbd47fc00a2c39e90264f33305004495a9","hash":"63f9fdaa867b004522c69cf62eab247ea17bde5c"}
}
