TN:
SF:controllers\campaignController.js
FN:5,(anonymous_0)
FN:41,(anonymous_1)
FN:53,(anonymous_2)
FN:62,(anonymous_3)
FN:75,(anonymous_4)
FN:113,(anonymous_5)
FN:123,(anonymous_6)
FN:143,(anonymous_7)
FN:156,(anonymous_8)
FN:165,(anonymous_9)
FN:178,(anonymous_10)
FN:194,(anonymous_11)
FN:206,(anonymous_12)
FN:219,(anonymous_13)
FN:230,(anonymous_14)
FN:243,(anonymous_15)
FNF:16
FNH:16
FNDA:1,(anonymous_0)
FNDA:1,(anonymous_1)
FNDA:1,(anonymous_2)
FNDA:1,(anonymous_3)
FNDA:1,(anonymous_4)
FNDA:1,(anonymous_5)
FNDA:1,(anonymous_6)
FNDA:1,(anonymous_7)
FNDA:1,(anonymous_8)
FNDA:1,(anonymous_9)
FNDA:1,(anonymous_10)
FNDA:1,(anonymous_11)
FNDA:1,(anonymous_12)
FNDA:1,(anonymous_13)
FNDA:1,(anonymous_14)
FNDA:1,(anonymous_15)
DA:5,1
DA:6,1
DA:15,1
DA:17,1
DA:18,1
DA:20,1
DA:36,1
DA:38,1
DA:41,1
DA:43,1
DA:44,1
DA:47,1
DA:49,0
DA:50,0
DA:53,1
DA:54,1
DA:55,1
DA:56,1
DA:58,0
DA:62,1
DA:63,1
DA:64,1
DA:67,1
DA:68,1
DA:69,0
DA:71,0
DA:75,1
DA:76,1
DA:85,1
DA:86,1
DA:87,1
DA:89,1
DA:105,1
DA:106,0
DA:107,1
DA:109,0
DA:113,1
DA:114,1
DA:115,1
DA:118,1
DA:120,0
DA:123,1
DA:124,1
DA:125,1
DA:127,1
DA:132,1
DA:133,0
DA:136,1
DA:138,0
DA:139,0
DA:143,1
DA:144,1
DA:145,1
DA:146,1
DA:150,1
DA:152,0
DA:156,1
DA:157,1
DA:158,1
DA:159,1
DA:161,0
DA:165,1
DA:166,1
DA:167,1
DA:168,1
DA:172,1
DA:174,0
DA:178,1
DA:179,1
DA:180,1
DA:181,1
DA:182,1
DA:184,1
DA:188,1
DA:190,0
DA:194,1
DA:195,1
DA:196,1
DA:200,1
DA:202,0
DA:206,1
DA:207,1
DA:208,1
DA:209,1
DA:213,1
DA:215,0
DA:219,1
DA:220,1
DA:221,1
DA:224,1
DA:226,0
DA:230,1
DA:231,1
DA:232,1
DA:233,1
DA:237,1
DA:239,0
DA:243,1
DA:244,1
DA:245,1
DA:249,1
DA:251,0
LF:102
LH:82
BRDA:18,0,0,0
BRDA:18,0,1,1
BRDA:43,1,0,1
BRDA:43,1,1,0
BRDA:67,2,0,1
BRDA:67,2,1,0
BRDA:87,3,0,0
BRDA:87,3,1,1
BRDA:105,4,0,0
BRDA:105,4,1,1
BRDA:132,5,0,0
BRDA:132,5,1,1
BRDA:182,6,0,1
BRDA:182,6,1,0
BRF:14
BRH:7
end_of_record
TN:
SF:db\aws.js
FNF:0
FNH:0
DA:3,1
DA:4,1
DA:5,1
DA:6,1
DA:8,1
LF:5
LH:5
BRF:0
BRH:0
end_of_record
TN:
SF:db\db.js
FNF:0
FNH:0
DA:2,1
DA:4,1
LF:2
LH:2
BRF:0
BRH:0
end_of_record
TN:
SF:middleware\uploadMiddleware.js
FN:15,(anonymous_0)
FNF:1
FNH:0
FNDA:0,(anonymous_0)
DA:5,1
DA:7,1
DA:8,1
DA:10,1
DA:11,1
DA:12,1
DA:13,1
DA:15,1
DA:16,0
DA:25,0
DA:26,0
LF:11
LH:8
BRF:0
BRH:0
end_of_record
TN:
SF:routes\campaignRoutes.js
FNF:0
FNH:0
DA:21,1
DA:22,1
DA:24,1
DA:26,1
DA:27,1
DA:28,1
DA:29,1
DA:30,1
DA:32,1
DA:33,1
DA:34,1
DA:36,1
DA:37,1
DA:39,1
DA:40,1
DA:42,1
DA:43,1
LF:17
LH:17
BRF:0
BRH:0
end_of_record
TN:
SF:services\emailService.js
FN:19,(anonymous_0)
FNF:1
FNH:0
FNDA:0,(anonymous_0)
DA:3,1
DA:5,1
DA:6,1
DA:11,1
DA:19,1
DA:20,0
DA:37,0
LF:7
LH:5
BRDA:8,0,0,1
BRDA:8,0,1,0
BRF:2
BRH:1
end_of_record
