{"C:\\Users\\jassu\\OneDrive\\Desktop\\goodnewsbaby\\finalproject\\crowd-funding-platform-client\\backend\\server\\user-service\\controllers\\adminController.js": {"path":"C:\\Users\\jassu\\OneDrive\\Desktop\\goodnewsbaby\\finalproject\\crowd-funding-platform-client\\backend\\server\\user-service\\controllers\\adminController.js","statementMap":{"0":{"start":{"line":17,"column":30},"end":{"line":23,"column":1}},"1":{"start":{"line":18,"column":20},"end":{"line":18,"column":30}},"2":{"start":{"line":19,"column":15},"end":{"line":19,"column":43}},"3":{"start":{"line":20,"column":2},"end":{"line":21,"column":79}},"4":{"start":{"line":21,"column":4},"end":{"line":21,"column":79}},"5":{"start":{"line":22,"column":2},"end":{"line":22,"column":36}},"6":{"start":{"line":25,"column":30},"end":{"line":31,"column":1}},"7":{"start":{"line":26,"column":28},"end":{"line":26,"column":36}},"8":{"start":{"line":27,"column":18},"end":{"line":27,"column":60}},"9":{"start":{"line":28,"column":2},"end":{"line":29,"column":79}},"10":{"start":{"line":29,"column":4},"end":{"line":29,"column":79}},"11":{"start":{"line":30,"column":2},"end":{"line":30,"column":45}},"12":{"start":{"line":33,"column":33},"end":{"line":39,"column":1}},"13":{"start":{"line":34,"column":20},"end":{"line":34,"column":28}},"14":{"start":{"line":35,"column":18},"end":{"line":35,"column":48}},"15":{"start":{"line":36,"column":2},"end":{"line":37,"column":79}},"16":{"start":{"line":37,"column":4},"end":{"line":37,"column":79}},"17":{"start":{"line":38,"column":2},"end":{"line":38,"column":70}},"18":{"start":{"line":41,"column":37},"end":{"line":49,"column":1}},"19":{"start":{"line":42,"column":20},"end":{"line":42,"column":30}},"20":{"start":{"line":43,"column":18},"end":{"line":43,"column":48}},"21":{"start":{"line":44,"column":2},"end":{"line":47,"column":62}},"22":{"start":{"line":45,"column":4},"end":{"line":47,"column":62}},"23":{"start":{"line":48,"column":2},"end":{"line":48,"column":39}},"24":{"start":{"line":51,"column":40},"end":{"line":59,"column":1}},"25":{"start":{"line":52,"column":20},"end":{"line":52,"column":28}},"26":{"start":{"line":53,"column":18},"end":{"line":53,"column":51}},"27":{"start":{"line":54,"column":2},"end":{"line":57,"column":62}},"28":{"start":{"line":55,"column":4},"end":{"line":57,"column":62}},"29":{"start":{"line":58,"column":2},"end":{"line":58,"column":76}},"30":{"start":{"line":60,"column":28},"end":{"line":63,"column":1}},"31":{"start":{"line":61,"column":16},"end":{"line":61,"column":35}},"32":{"start":{"line":62,"column":2},"end":{"line":62,"column":37}},"33":{"start":{"line":65,"column":40},"end":{"line":84,"column":1}},"34":{"start":{"line":66,"column":20},"end":{"line":66,"column":30}},"35":{"start":{"line":67,"column":31},"end":{"line":67,"column":39}},"36":{"start":{"line":69,"column":2},"end":{"line":71,"column":3}},"37":{"start":{"line":70,"column":4},"end":{"line":70,"column":79}},"38":{"start":{"line":73,"column":18},"end":{"line":77,"column":3}},"39":{"start":{"line":78,"column":2},"end":{"line":81,"column":67}},"40":{"start":{"line":79,"column":4},"end":{"line":81,"column":67}},"41":{"start":{"line":83,"column":2},"end":{"line":83,"column":53}},"42":{"start":{"line":86,"column":36},"end":{"line":90,"column":1}},"43":{"start":{"line":87,"column":21},"end":{"line":87,"column":30}},"44":{"start":{"line":88,"column":18},"end":{"line":88,"column":59}},"45":{"start":{"line":89,"column":2},"end":{"line":89,"column":54}}},"fnMap":{"0":{"name":"(anonymous_0)","decl":{"start":{"line":17,"column":30},"end":{"line":17,"column":31}},"loc":{"start":{"line":17,"column":50},"end":{"line":23,"column":1}},"line":17},"1":{"name":"(anonymous_1)","decl":{"start":{"line":25,"column":30},"end":{"line":25,"column":31}},"loc":{"start":{"line":25,"column":50},"end":{"line":31,"column":1}},"line":25},"2":{"name":"(anonymous_2)","decl":{"start":{"line":33,"column":33},"end":{"line":33,"column":34}},"loc":{"start":{"line":33,"column":53},"end":{"line":39,"column":1}},"line":33},"3":{"name":"(anonymous_3)","decl":{"start":{"line":41,"column":37},"end":{"line":41,"column":38}},"loc":{"start":{"line":41,"column":57},"end":{"line":49,"column":1}},"line":41},"4":{"name":"(anonymous_4)","decl":{"start":{"line":51,"column":40},"end":{"line":51,"column":41}},"loc":{"start":{"line":51,"column":60},"end":{"line":59,"column":1}},"line":51},"5":{"name":"(anonymous_5)","decl":{"start":{"line":60,"column":28},"end":{"line":60,"column":29}},"loc":{"start":{"line":60,"column":48},"end":{"line":63,"column":1}},"line":60},"6":{"name":"(anonymous_6)","decl":{"start":{"line":65,"column":40},"end":{"line":65,"column":41}},"loc":{"start":{"line":65,"column":60},"end":{"line":84,"column":1}},"line":65},"7":{"name":"(anonymous_7)","decl":{"start":{"line":86,"column":36},"end":{"line":86,"column":37}},"loc":{"start":{"line":86,"column":56},"end":{"line":90,"column":1}},"line":86}},"branchMap":{"0":{"loc":{"start":{"line":20,"column":2},"end":{"line":21,"column":79}},"type":"if","locations":[{"start":{"line":20,"column":2},"end":{"line":21,"column":79}},{"start":{},"end":{}}],"line":20},"1":{"loc":{"start":{"line":28,"column":2},"end":{"line":29,"column":79}},"type":"if","locations":[{"start":{"line":28,"column":2},"end":{"line":29,"column":79}},{"start":{},"end":{}}],"line":28},"2":{"loc":{"start":{"line":36,"column":2},"end":{"line":37,"column":79}},"type":"if","locations":[{"start":{"line":36,"column":2},"end":{"line":37,"column":79}},{"start":{},"end":{}}],"line":36},"3":{"loc":{"start":{"line":44,"column":2},"end":{"line":47,"column":62}},"type":"if","locations":[{"start":{"line":44,"column":2},"end":{"line":47,"column":62}},{"start":{},"end":{}}],"line":44},"4":{"loc":{"start":{"line":54,"column":2},"end":{"line":57,"column":62}},"type":"if","locations":[{"start":{"line":54,"column":2},"end":{"line":57,"column":62}},{"start":{},"end":{}}],"line":54},"5":{"loc":{"start":{"line":69,"column":2},"end":{"line":71,"column":3}},"type":"if","locations":[{"start":{"line":69,"column":2},"end":{"line":71,"column":3}},{"start":{},"end":{}}],"line":69},"6":{"loc":{"start":{"line":76,"column":4},"end":{"line":76,"column":20}},"type":"binary-expr","locations":[{"start":{"line":76,"column":4},"end":{"line":76,"column":12}},{"start":{"line":76,"column":16},"end":{"line":76,"column":20}}],"line":76},"7":{"loc":{"start":{"line":78,"column":2},"end":{"line":81,"column":67}},"type":"if","locations":[{"start":{"line":78,"column":2},"end":{"line":81,"column":67}},{"start":{},"end":{}}],"line":78},"8":{"loc":{"start":{"line":88,"column":44},"end":{"line":88,"column":58}},"type":"binary-expr","locations":[{"start":{"line":88,"column":44},"end":{"line":88,"column":50}},{"start":{"line":88,"column":54},"end":{"line":88,"column":58}}],"line":88}},"s":{"0":1,"1":2,"2":2,"3":2,"4":1,"5":1,"6":1,"7":2,"8":2,"9":2,"10":1,"11":1,"12":1,"13":2,"14":2,"15":2,"16":1,"17":1,"18":1,"19":2,"20":2,"21":2,"22":1,"23":1,"24":1,"25":2,"26":2,"27":2,"28":1,"29":1,"30":1,"31":1,"32":1,"33":1,"34":3,"35":3,"36":3,"37":1,"38":2,"39":2,"40":1,"41":1,"42":1,"43":1,"44":1,"45":1},"f":{"0":2,"1":2,"2":2,"3":2,"4":2,"5":1,"6":3,"7":1},"b":{"0":[1,1],"1":[1,1],"2":[1,1],"3":[1,1],"4":[1,1],"5":[1,2],"6":[2,2],"7":[1,1],"8":[1,1]},"_coverageSchema":"1a1c01bbd47fc00a2c39e90264f33305004495a9","hash":"4a25c7e190635819bd2e650210d60b8896a490eb"}
,"C:\\Users\\jassu\\OneDrive\\Desktop\\goodnewsbaby\\finalproject\\crowd-funding-platform-client\\backend\\server\\user-service\\controllers\\authController.js": {"path":"C:\\Users\\jassu\\OneDrive\\Desktop\\goodnewsbaby\\finalproject\\crowd-funding-platform-client\\backend\\server\\user-service\\controllers\\authController.js","statementMap":{"0":{"start":{"line":5,"column":24},"end":{"line":16,"column":1}},"1":{"start":{"line":6,"column":2},"end":{"line":15,"column":3}},"2":{"start":{"line":7,"column":46},"end":{"line":7,"column":54}},"3":{"start":{"line":8,"column":27},"end":{"line":8,"column":58}},"4":{"start":{"line":9,"column":17},"end":{"line":9,"column":70}},"5":{"start":{"line":11,"column":4},"end":{"line":11,"column":50}},"6":{"start":{"line":13,"column":4},"end":{"line":13,"column":44}},"7":{"start":{"line":14,"column":4},"end":{"line":14,"column":70}},"8":{"start":{"line":18,"column":21},"end":{"line":54,"column":1}},"9":{"start":{"line":19,"column":2},"end":{"line":53,"column":3}},"10":{"start":{"line":20,"column":32},"end":{"line":20,"column":40}},"11":{"start":{"line":21,"column":17},"end":{"line":21,"column":45}},"12":{"start":{"line":23,"column":4},"end":{"line":26,"column":61}},"13":{"start":{"line":24,"column":6},"end":{"line":26,"column":61}},"14":{"start":{"line":28,"column":18},"end":{"line":28,"column":63}},"15":{"start":{"line":29,"column":4},"end":{"line":32,"column":66}},"16":{"start":{"line":30,"column":6},"end":{"line":32,"column":66}},"17":{"start":{"line":35,"column":18},"end":{"line":39,"column":5}},"18":{"start":{"line":42,"column":4},"end":{"line":49,"column":7}},"19":{"start":{"line":51,"column":4},"end":{"line":51,"column":41}},"20":{"start":{"line":52,"column":4},"end":{"line":52,"column":70}}},"fnMap":{"0":{"name":"(anonymous_0)","decl":{"start":{"line":5,"column":24},"end":{"line":5,"column":25}},"loc":{"start":{"line":5,"column":44},"end":{"line":16,"column":1}},"line":5},"1":{"name":"(anonymous_1)","decl":{"start":{"line":18,"column":21},"end":{"line":18,"column":22}},"loc":{"start":{"line":18,"column":41},"end":{"line":54,"column":1}},"line":18}},"branchMap":{"0":{"loc":{"start":{"line":23,"column":4},"end":{"line":26,"column":61}},"type":"if","locations":[{"start":{"line":23,"column":4},"end":{"line":26,"column":61}},{"start":{},"end":{}}],"line":23},"1":{"loc":{"start":{"line":29,"column":4},"end":{"line":32,"column":66}},"type":"if","locations":[{"start":{"line":29,"column":4},"end":{"line":32,"column":66}},{"start":{},"end":{}}],"line":29}},"s":{"0":1,"1":2,"2":2,"3":2,"4":1,"5":1,"6":1,"7":1,"8":1,"9":4,"10":4,"11":4,"12":3,"13":1,"14":2,"15":2,"16":1,"17":1,"18":1,"19":1,"20":1},"f":{"0":2,"1":4},"b":{"0":[1,2],"1":[1,1]},"_coverageSchema":"1a1c01bbd47fc00a2c39e90264f33305004495a9","hash":"a39a80fb88d1a2b26706d77338eef74a4c7d85a2"}
,"C:\\Users\\jassu\\OneDrive\\Desktop\\goodnewsbaby\\finalproject\\crowd-funding-platform-client\\backend\\server\\user-service\\controllers\\profileController.js": {"path":"C:\\Users\\jassu\\OneDrive\\Desktop\\goodnewsbaby\\finalproject\\crowd-funding-platform-client\\backend\\server\\user-service\\controllers\\profileController.js","statementMap":{"0":{"start":{"line":9,"column":33},"end":{"line":24,"column":1}},"1":{"start":{"line":11,"column":4},"end":{"line":11,"column":12}},"2":{"start":{"line":12,"column":23},"end":{"line":12,"column":61}},"3":{"start":{"line":13,"column":18},"end":{"line":22,"column":3}},"4":{"start":{"line":23,"column":2},"end":{"line":23,"column":39}},"5":{"start":{"line":26,"column":30},"end":{"line":33,"column":1}},"6":{"start":{"line":27,"column":18},"end":{"line":27,"column":47}},"7":{"start":{"line":28,"column":2},"end":{"line":31,"column":62}},"8":{"start":{"line":29,"column":4},"end":{"line":31,"column":62}},"9":{"start":{"line":32,"column":2},"end":{"line":32,"column":39}},"10":{"start":{"line":35,"column":33},"end":{"line":48,"column":1}},"11":{"start":{"line":36,"column":65},"end":{"line":36,"column":73}},"12":{"start":{"line":37,"column":23},"end":{"line":37,"column":79}},"13":{"start":{"line":38,"column":18},"end":{"line":46,"column":3}},"14":{"start":{"line":47,"column":2},"end":{"line":47,"column":48}},"15":{"start":{"line":50,"column":33},"end":{"line":57,"column":1}},"16":{"start":{"line":51,"column":18},"end":{"line":51,"column":50}},"17":{"start":{"line":52,"column":2},"end":{"line":55,"column":62}},"18":{"start":{"line":53,"column":4},"end":{"line":55,"column":62}},"19":{"start":{"line":56,"column":2},"end":{"line":56,"column":76}}},"fnMap":{"0":{"name":"(anonymous_0)","decl":{"start":{"line":9,"column":33},"end":{"line":9,"column":34}},"loc":{"start":{"line":9,"column":53},"end":{"line":24,"column":1}},"line":9},"1":{"name":"(anonymous_1)","decl":{"start":{"line":26,"column":30},"end":{"line":26,"column":31}},"loc":{"start":{"line":26,"column":50},"end":{"line":33,"column":1}},"line":26},"2":{"name":"(anonymous_2)","decl":{"start":{"line":35,"column":33},"end":{"line":35,"column":34}},"loc":{"start":{"line":35,"column":53},"end":{"line":48,"column":1}},"line":35},"3":{"name":"(anonymous_3)","decl":{"start":{"line":50,"column":33},"end":{"line":50,"column":34}},"loc":{"start":{"line":50,"column":53},"end":{"line":57,"column":1}},"line":50}},"branchMap":{"0":{"loc":{"start":{"line":28,"column":2},"end":{"line":31,"column":62}},"type":"if","locations":[{"start":{"line":28,"column":2},"end":{"line":31,"column":62}},{"start":{},"end":{}}],"line":28},"1":{"loc":{"start":{"line":37,"column":23},"end":{"line":37,"column":79}},"type":"cond-expr","locations":[{"start":{"line":37,"column":34},"end":{"line":37,"column":72}},{"start":{"line":37,"column":75},"end":{"line":37,"column":79}}],"line":37},"2":{"loc":{"start":{"line":52,"column":2},"end":{"line":55,"column":62}},"type":"if","locations":[{"start":{"line":52,"column":2},"end":{"line":55,"column":62}},{"start":{},"end":{}}],"line":52}},"s":{"0":1,"1":1,"2":1,"3":1,"4":1,"5":1,"6":2,"7":2,"8":1,"9":1,"10":1,"11":2,"12":2,"13":2,"14":2,"15":1,"16":2,"17":2,"18":1,"19":1},"f":{"0":1,"1":2,"2":2,"3":2},"b":{"0":[1,1],"1":[1,1],"2":[1,1]},"_coverageSchema":"1a1c01bbd47fc00a2c39e90264f33305004495a9","hash":"c2a9886df3d115f7708791541a8b19b7a8a4eff4"}
,"C:\\Users\\jassu\\OneDrive\\Desktop\\goodnewsbaby\\finalproject\\crowd-funding-platform-client\\backend\\server\\user-service\\controllers\\verificationController.js": {"path":"C:\\Users\\jassu\\OneDrive\\Desktop\\goodnewsbaby\\finalproject\\crowd-funding-platform-client\\backend\\server\\user-service\\controllers\\verificationController.js","statementMap":{"0":{"start":{"line":9,"column":34},"end":{"line":87,"column":1}},"1":{"start":{"line":10,"column":2},"end":{"line":86,"column":3}},"2":{"start":{"line":11,"column":22},"end":{"line":11,"column":30}},"3":{"start":{"line":12,"column":21},"end":{"line":12,"column":56}},"4":{"start":{"line":15,"column":4},"end":{"line":34,"column":5}},"5":{"start":{"line":16,"column":20},"end":{"line":16,"column":35}},"6":{"start":{"line":17,"column":19},"end":{"line":30,"column":7}},"7":{"start":{"line":32,"column":21},"end":{"line":32,"column":65}},"8":{"start":{"line":33,"column":6},"end":{"line":33,"column":63}},"9":{"start":{"line":37,"column":4},"end":{"line":43,"column":5}},"10":{"start":{"line":38,"column":6},"end":{"line":42,"column":9}},"11":{"start":{"line":45,"column":4},"end":{"line":50,"column":5}},"12":{"start":{"line":46,"column":6},"end":{"line":49,"column":9}},"13":{"start":{"line":52,"column":4},"end":{"line":76,"column":5}},"14":{"start":{"line":54,"column":20},"end":{"line":54,"column":35}},"15":{"start":{"line":55,"column":19},"end":{"line":68,"column":7}},"16":{"start":{"line":70,"column":22},"end":{"line":70,"column":77}},"17":{"start":{"line":71,"column":6},"end":{"line":75,"column":9}},"18":{"start":{"line":79,"column":4},"end":{"line":82,"column":7}},"19":{"start":{"line":84,"column":4},"end":{"line":84,"column":52}},"20":{"start":{"line":85,"column":4},"end":{"line":85,"column":77}},"21":{"start":{"line":89,"column":32},"end":{"line":103,"column":1}},"22":{"start":{"line":90,"column":2},"end":{"line":102,"column":3}},"23":{"start":{"line":91,"column":22},"end":{"line":91,"column":32}},"24":{"start":{"line":92,"column":19},"end":{"line":92,"column":54}},"25":{"start":{"line":93,"column":4},"end":{"line":96,"column":68}},"26":{"start":{"line":94,"column":6},"end":{"line":96,"column":68}},"27":{"start":{"line":98,"column":4},"end":{"line":98,"column":54}},"28":{"start":{"line":100,"column":4},"end":{"line":100,"column":50}},"29":{"start":{"line":101,"column":4},"end":{"line":101,"column":77}},"30":{"start":{"line":105,"column":34},"end":{"line":154,"column":1}},"31":{"start":{"line":106,"column":2},"end":{"line":153,"column":3}},"32":{"start":{"line":107,"column":22},"end":{"line":107,"column":32}},"33":{"start":{"line":108,"column":23},"end":{"line":108,"column":31}},"34":{"start":{"line":110,"column":21},"end":{"line":110,"column":56}},"35":{"start":{"line":111,"column":4},"end":{"line":114,"column":62}},"36":{"start":{"line":112,"column":6},"end":{"line":114,"column":62}},"37":{"start":{"line":116,"column":4},"end":{"line":120,"column":9}},"38":{"start":{"line":117,"column":6},"end":{"line":120,"column":9}},"39":{"start":{"line":122,"column":4},"end":{"line":125,"column":78}},"40":{"start":{"line":123,"column":6},"end":{"line":125,"column":78}},"41":{"start":{"line":127,"column":4},"end":{"line":130,"column":65}},"42":{"start":{"line":128,"column":6},"end":{"line":130,"column":65}},"43":{"start":{"line":132,"column":18},"end":{"line":132,"column":33}},"44":{"start":{"line":133,"column":17},"end":{"line":146,"column":5}},"45":{"start":{"line":148,"column":20},"end":{"line":148,"column":75}},"46":{"start":{"line":149,"column":4},"end":{"line":149,"column":55}},"47":{"start":{"line":151,"column":4},"end":{"line":151,"column":52}},"48":{"start":{"line":152,"column":4},"end":{"line":152,"column":77}},"49":{"start":{"line":156,"column":34},"end":{"line":174,"column":1}},"50":{"start":{"line":157,"column":2},"end":{"line":173,"column":3}},"51":{"start":{"line":158,"column":22},"end":{"line":158,"column":32}},"52":{"start":{"line":159,"column":20},"end":{"line":159,"column":58}},"53":{"start":{"line":160,"column":4},"end":{"line":163,"column":69}},"54":{"start":{"line":161,"column":6},"end":{"line":163,"column":69}},"55":{"start":{"line":165,"column":4},"end":{"line":169,"column":7}},"56":{"start":{"line":171,"column":4},"end":{"line":171,"column":52}},"57":{"start":{"line":172,"column":4},"end":{"line":172,"column":77}}},"fnMap":{"0":{"name":"(anonymous_0)","decl":{"start":{"line":9,"column":34},"end":{"line":9,"column":35}},"loc":{"start":{"line":9,"column":54},"end":{"line":87,"column":1}},"line":9},"1":{"name":"(anonymous_1)","decl":{"start":{"line":89,"column":32},"end":{"line":89,"column":33}},"loc":{"start":{"line":89,"column":52},"end":{"line":103,"column":1}},"line":89},"2":{"name":"(anonymous_2)","decl":{"start":{"line":105,"column":34},"end":{"line":105,"column":35}},"loc":{"start":{"line":105,"column":54},"end":{"line":154,"column":1}},"line":105},"3":{"name":"(anonymous_3)","decl":{"start":{"line":156,"column":34},"end":{"line":156,"column":35}},"loc":{"start":{"line":156,"column":54},"end":{"line":174,"column":1}},"line":156}},"branchMap":{"0":{"loc":{"start":{"line":15,"column":4},"end":{"line":34,"column":5}},"type":"if","locations":[{"start":{"line":15,"column":4},"end":{"line":34,"column":5}},{"start":{},"end":{}}],"line":15},"1":{"loc":{"start":{"line":16,"column":20},"end":{"line":16,"column":35}},"type":"binary-expr","locations":[{"start":{"line":16,"column":20},"end":{"line":16,"column":29}},{"start":{"line":16,"column":33},"end":{"line":16,"column":35}}],"line":16},"2":{"loc":{"start":{"line":18,"column":30},"end":{"line":20,"column":16}},"type":"cond-expr","locations":[{"start":{"line":19,"column":12},"end":{"line":19,"column":71}},{"start":{"line":20,"column":12},"end":{"line":20,"column":16}}],"line":18},"3":{"loc":{"start":{"line":21,"column":18},"end":{"line":23,"column":16}},"type":"cond-expr","locations":[{"start":{"line":22,"column":12},"end":{"line":22,"column":59}},{"start":{"line":23,"column":12},"end":{"line":23,"column":16}}],"line":21},"4":{"loc":{"start":{"line":24,"column":20},"end":{"line":26,"column":16}},"type":"cond-expr","locations":[{"start":{"line":25,"column":12},"end":{"line":25,"column":61}},{"start":{"line":26,"column":12},"end":{"line":26,"column":16}}],"line":24},"5":{"loc":{"start":{"line":27,"column":18},"end":{"line":29,"column":16}},"type":"cond-expr","locations":[{"start":{"line":28,"column":12},"end":{"line":28,"column":59}},{"start":{"line":29,"column":12},"end":{"line":29,"column":16}}],"line":27},"6":{"loc":{"start":{"line":37,"column":4},"end":{"line":43,"column":5}},"type":"if","locations":[{"start":{"line":37,"column":4},"end":{"line":43,"column":5}},{"start":{},"end":{}}],"line":37},"7":{"loc":{"start":{"line":45,"column":4},"end":{"line":50,"column":5}},"type":"if","locations":[{"start":{"line":45,"column":4},"end":{"line":50,"column":5}},{"start":{},"end":{}}],"line":45},"8":{"loc":{"start":{"line":52,"column":4},"end":{"line":76,"column":5}},"type":"if","locations":[{"start":{"line":52,"column":4},"end":{"line":76,"column":5}},{"start":{},"end":{}}],"line":52},"9":{"loc":{"start":{"line":54,"column":20},"end":{"line":54,"column":35}},"type":"binary-expr","locations":[{"start":{"line":54,"column":20},"end":{"line":54,"column":29}},{"start":{"line":54,"column":33},"end":{"line":54,"column":35}}],"line":54},"10":{"loc":{"start":{"line":56,"column":30},"end":{"line":58,"column":41}},"type":"cond-expr","locations":[{"start":{"line":57,"column":12},"end":{"line":57,"column":71}},{"start":{"line":58,"column":12},"end":{"line":58,"column":41}}],"line":56},"11":{"loc":{"start":{"line":59,"column":18},"end":{"line":61,"column":29}},"type":"cond-expr","locations":[{"start":{"line":60,"column":12},"end":{"line":60,"column":59}},{"start":{"line":61,"column":12},"end":{"line":61,"column":29}}],"line":59},"12":{"loc":{"start":{"line":62,"column":20},"end":{"line":64,"column":31}},"type":"cond-expr","locations":[{"start":{"line":63,"column":12},"end":{"line":63,"column":61}},{"start":{"line":64,"column":12},"end":{"line":64,"column":31}}],"line":62},"13":{"loc":{"start":{"line":65,"column":18},"end":{"line":67,"column":29}},"type":"cond-expr","locations":[{"start":{"line":66,"column":12},"end":{"line":66,"column":59}},{"start":{"line":67,"column":12},"end":{"line":67,"column":29}}],"line":65},"14":{"loc":{"start":{"line":93,"column":4},"end":{"line":96,"column":68}},"type":"if","locations":[{"start":{"line":93,"column":4},"end":{"line":96,"column":68}},{"start":{},"end":{}}],"line":93},"15":{"loc":{"start":{"line":111,"column":4},"end":{"line":114,"column":62}},"type":"if","locations":[{"start":{"line":111,"column":4},"end":{"line":114,"column":62}},{"start":{},"end":{}}],"line":111},"16":{"loc":{"start":{"line":116,"column":4},"end":{"line":120,"column":9}},"type":"if","locations":[{"start":{"line":116,"column":4},"end":{"line":120,"column":9}},{"start":{},"end":{}}],"line":116},"17":{"loc":{"start":{"line":122,"column":4},"end":{"line":125,"column":78}},"type":"if","locations":[{"start":{"line":122,"column":4},"end":{"line":125,"column":78}},{"start":{},"end":{}}],"line":122},"18":{"loc":{"start":{"line":127,"column":4},"end":{"line":130,"column":65}},"type":"if","locations":[{"start":{"line":127,"column":4},"end":{"line":130,"column":65}},{"start":{},"end":{}}],"line":127},"19":{"loc":{"start":{"line":132,"column":18},"end":{"line":132,"column":33}},"type":"binary-expr","locations":[{"start":{"line":132,"column":18},"end":{"line":132,"column":27}},{"start":{"line":132,"column":31},"end":{"line":132,"column":33}}],"line":132},"20":{"loc":{"start":{"line":134,"column":28},"end":{"line":136,"column":14}},"type":"cond-expr","locations":[{"start":{"line":135,"column":10},"end":{"line":135,"column":69}},{"start":{"line":136,"column":10},"end":{"line":136,"column":14}}],"line":134},"21":{"loc":{"start":{"line":137,"column":16},"end":{"line":139,"column":14}},"type":"cond-expr","locations":[{"start":{"line":138,"column":10},"end":{"line":138,"column":57}},{"start":{"line":139,"column":10},"end":{"line":139,"column":14}}],"line":137},"22":{"loc":{"start":{"line":140,"column":18},"end":{"line":142,"column":14}},"type":"cond-expr","locations":[{"start":{"line":141,"column":10},"end":{"line":141,"column":59}},{"start":{"line":142,"column":10},"end":{"line":142,"column":14}}],"line":140},"23":{"loc":{"start":{"line":143,"column":16},"end":{"line":145,"column":14}},"type":"cond-expr","locations":[{"start":{"line":144,"column":10},"end":{"line":144,"column":57}},{"start":{"line":145,"column":10},"end":{"line":145,"column":14}}],"line":143},"24":{"loc":{"start":{"line":160,"column":4},"end":{"line":163,"column":69}},"type":"if","locations":[{"start":{"line":160,"column":4},"end":{"line":163,"column":69}},{"start":{},"end":{}}],"line":160}},"s":{"0":1,"1":8,"2":8,"3":8,"4":7,"5":2,"6":2,"7":2,"8":2,"9":5,"10":1,"11":4,"12":1,"13":3,"14":2,"15":2,"16":2,"17":2,"18":1,"19":1,"20":1,"21":1,"22":3,"23":3,"24":3,"25":2,"26":1,"27":1,"28":1,"29":1,"30":1,"31":7,"32":7,"33":7,"34":7,"35":6,"36":1,"37":5,"38":1,"39":4,"40":1,"41":3,"42":1,"43":2,"44":2,"45":2,"46":2,"47":1,"48":1,"49":1,"50":3,"51":3,"52":3,"53":2,"54":1,"55":1,"56":1,"57":1},"f":{"0":8,"1":3,"2":7,"3":3},"b":{"0":[2,5],"1":[2,0],"2":[1,1],"3":[1,1],"4":[1,1],"5":[1,1],"6":[1,4],"7":[1,3],"8":[2,1],"9":[2,0],"10":[0,2],"11":[2,0],"12":[0,2],"13":[0,2],"14":[1,1],"15":[1,5],"16":[1,4],"17":[1,3],"18":[1,2],"19":[2,0],"20":[0,2],"21":[0,2],"22":[0,2],"23":[2,0],"24":[1,1]},"_coverageSchema":"1a1c01bbd47fc00a2c39e90264f33305004495a9","hash":"534271953fc1d4b1455e47873139c0e30d7a9663"}
,"C:\\Users\\jassu\\OneDrive\\Desktop\\goodnewsbaby\\finalproject\\crowd-funding-platform-client\\backend\\server\\user-service\\db\\aws.js": {"path":"C:\\Users\\jassu\\OneDrive\\Desktop\\goodnewsbaby\\finalproject\\crowd-funding-platform-client\\backend\\server\\user-service\\db\\aws.js","statementMap":{"0":{"start":{"line":3,"column":0},"end":{"line":3,"column":16}},"1":{"start":{"line":4,"column":0},"end":{"line":4,"column":39}},"2":{"start":{"line":5,"column":0},"end":{"line":5,"column":46}},"3":{"start":{"line":6,"column":0},"end":{"line":6,"column":50}},"4":{"start":{"line":8,"column":0},"end":{"line":12,"column":1}},"5":{"start":{"line":9,"column":2},"end":{"line":9,"column":41}},"6":{"start":{"line":10,"column":2},"end":{"line":10,"column":48}},"7":{"start":{"line":11,"column":2},"end":{"line":11,"column":52}},"8":{"start":{"line":14,"column":11},"end":{"line":20,"column":2}}},"fnMap":{},"branchMap":{"0":{"loc":{"start":{"line":8,"column":0},"end":{"line":12,"column":1}},"type":"if","locations":[{"start":{"line":8,"column":0},"end":{"line":12,"column":1}},{"start":{},"end":{}}],"line":8}},"s":{"0":4,"1":4,"2":4,"3":4,"4":4,"5":1,"6":1,"7":1,"8":4},"f":{},"b":{"0":[1,3]},"_coverageSchema":"1a1c01bbd47fc00a2c39e90264f33305004495a9","hash":"e8b740079ba9b7f127ce773d86542c899e37f62d"}
,"C:\\Users\\jassu\\OneDrive\\Desktop\\goodnewsbaby\\finalproject\\crowd-funding-platform-client\\backend\\server\\user-service\\db\\db.js": {"path":"C:\\Users\\jassu\\OneDrive\\Desktop\\goodnewsbaby\\finalproject\\crowd-funding-platform-client\\backend\\server\\user-service\\db\\db.js","statementMap":{"0":{"start":{"line":2,"column":17},"end":{"line":2,"column":20}},"1":{"start":{"line":4,"column":13},"end":{"line":15,"column":2}}},"fnMap":{},"branchMap":{},"s":{"0":6,"1":6},"f":{},"b":{},"_coverageSchema":"1a1c01bbd47fc00a2c39e90264f33305004495a9","hash":"b0aac953b4ee136a1481459c37841f34e325aee2"}
,"C:\\Users\\jassu\\OneDrive\\Desktop\\goodnewsbaby\\finalproject\\crowd-funding-platform-client\\backend\\server\\user-service\\middleware\\isAdmin.js": {"path":"C:\\Users\\jassu\\OneDrive\\Desktop\\goodnewsbaby\\finalproject\\crowd-funding-platform-client\\backend\\server\\user-service\\middleware\\isAdmin.js","statementMap":{"0":{"start":{"line":1,"column":23},"end":{"line":9,"column":1}},"1":{"start":{"line":2,"column":2},"end":{"line":7,"column":3}},"2":{"start":{"line":3,"column":4},"end":{"line":6,"column":7}},"3":{"start":{"line":8,"column":2},"end":{"line":8,"column":9}}},"fnMap":{"0":{"name":"(anonymous_0)","decl":{"start":{"line":1,"column":23},"end":{"line":1,"column":24}},"loc":{"start":{"line":1,"column":43},"end":{"line":9,"column":1}},"line":1}},"branchMap":{"0":{"loc":{"start":{"line":2,"column":2},"end":{"line":7,"column":3}},"type":"if","locations":[{"start":{"line":2,"column":2},"end":{"line":7,"column":3}},{"start":{},"end":{}}],"line":2},"1":{"loc":{"start":{"line":2,"column":6},"end":{"line":2,"column":38}},"type":"binary-expr","locations":[{"start":{"line":2,"column":6},"end":{"line":2,"column":15}},{"start":{"line":2,"column":19},"end":{"line":2,"column":38}}],"line":2}},"s":{"0":1,"1":3,"2":2,"3":1},"f":{"0":3},"b":{"0":[2,1],"1":[3,2]},"_coverageSchema":"1a1c01bbd47fc00a2c39e90264f33305004495a9","hash":"57c3eb22bd119d1bd65cd36f3f0792977ca4ff8c"}
,"C:\\Users\\jassu\\OneDrive\\Desktop\\goodnewsbaby\\finalproject\\crowd-funding-platform-client\\backend\\server\\user-service\\middleware\\isNGO.js": {"path":"C:\\Users\\jassu\\OneDrive\\Desktop\\goodnewsbaby\\finalproject\\crowd-funding-platform-client\\backend\\server\\user-service\\middleware\\isNGO.js","statementMap":{"0":{"start":{"line":1,"column":21},"end":{"line":17,"column":1}},"1":{"start":{"line":2,"column":2},"end":{"line":7,"column":3}},"2":{"start":{"line":3,"column":4},"end":{"line":6,"column":7}},"3":{"start":{"line":9,"column":2},"end":{"line":14,"column":3}},"4":{"start":{"line":10,"column":4},"end":{"line":13,"column":7}},"5":{"start":{"line":16,"column":2},"end":{"line":16,"column":9}}},"fnMap":{"0":{"name":"(anonymous_0)","decl":{"start":{"line":1,"column":21},"end":{"line":1,"column":22}},"loc":{"start":{"line":1,"column":41},"end":{"line":17,"column":1}},"line":1}},"branchMap":{"0":{"loc":{"start":{"line":2,"column":2},"end":{"line":7,"column":3}},"type":"if","locations":[{"start":{"line":2,"column":2},"end":{"line":7,"column":3}},{"start":{},"end":{}}],"line":2},"1":{"loc":{"start":{"line":9,"column":2},"end":{"line":14,"column":3}},"type":"if","locations":[{"start":{"line":9,"column":2},"end":{"line":14,"column":3}},{"start":{},"end":{}}],"line":9}},"s":{"0":1,"1":3,"2":1,"3":2,"4":1,"5":1},"f":{"0":3},"b":{"0":[1,2],"1":[1,1]},"_coverageSchema":"1a1c01bbd47fc00a2c39e90264f33305004495a9","hash":"ab8d03cd019a21cdb02a88a8296d0737cc0a791c"}
,"C:\\Users\\jassu\\OneDrive\\Desktop\\goodnewsbaby\\finalproject\\crowd-funding-platform-client\\backend\\server\\user-service\\middleware\\uploadMiddleware.js": {"path":"C:\\Users\\jassu\\OneDrive\\Desktop\\goodnewsbaby\\finalproject\\crowd-funding-platform-client\\backend\\server\\user-service\\middleware\\uploadMiddleware.js","statementMap":{"0":{"start":{"line":5,"column":0},"end":{"line":5,"column":16}},"1":{"start":{"line":7,"column":16},"end":{"line":7,"column":38}},"2":{"start":{"line":9,"column":15},"end":{"line":9,"column":34}},"3":{"start":{"line":16,"column":29},"end":{"line":16,"column":59}},"4":{"start":{"line":18,"column":26},"end":{"line":36,"column":1}},"5":{"start":{"line":19,"column":2},"end":{"line":19,"column":25}},"6":{"start":{"line":19,"column":13},"end":{"line":19,"column":25}},"7":{"start":{"line":20,"column":2},"end":{"line":35,"column":3}},"8":{"start":{"line":21,"column":21},"end":{"line":29,"column":6}},"9":{"start":{"line":30,"column":19},"end":{"line":30,"column":40}},"10":{"start":{"line":31,"column":4},"end":{"line":31,"column":27}},"11":{"start":{"line":33,"column":4},"end":{"line":33,"column":44}},"12":{"start":{"line":34,"column":4},"end":{"line":34,"column":16}}},"fnMap":{"0":{"name":"(anonymous_0)","decl":{"start":{"line":18,"column":26},"end":{"line":18,"column":27}},"loc":{"start":{"line":18,"column":50},"end":{"line":36,"column":1}},"line":18}},"branchMap":{"0":{"loc":{"start":{"line":19,"column":2},"end":{"line":19,"column":25}},"type":"if","locations":[{"start":{"line":19,"column":2},"end":{"line":19,"column":25}},{"start":{},"end":{}}],"line":19}},"s":{"0":4,"1":4,"2":4,"3":4,"4":4,"5":3,"6":1,"7":2,"8":2,"9":2,"10":1,"11":1,"12":1},"f":{"0":3},"b":{"0":[1,2]},"_coverageSchema":"1a1c01bbd47fc00a2c39e90264f33305004495a9","hash":"7cddb1309d514f90a503b27d0482da67cde217ac"}
,"C:\\Users\\jassu\\OneDrive\\Desktop\\goodnewsbaby\\finalproject\\crowd-funding-platform-client\\backend\\server\\user-service\\models\\profileModel.js": {"path":"C:\\Users\\jassu\\OneDrive\\Desktop\\goodnewsbaby\\finalproject\\crowd-funding-platform-client\\backend\\server\\user-service\\models\\profileModel.js","statementMap":{"0":{"start":{"line":3,"column":29},"end":{"line":28,"column":1}},"1":{"start":{"line":13,"column":16},"end":{"line":15,"column":49}},"2":{"start":{"line":16,"column":17},"end":{"line":25,"column":3}},"3":{"start":{"line":26,"column":17},"end":{"line":26,"column":48}},"4":{"start":{"line":27,"column":2},"end":{"line":27,"column":24}},"5":{"start":{"line":30,"column":26},"end":{"line":35,"column":1}},"6":{"start":{"line":31,"column":17},"end":{"line":33,"column":4}},"7":{"start":{"line":34,"column":2},"end":{"line":34,"column":24}},"8":{"start":{"line":37,"column":29},"end":{"line":60,"column":1}},"9":{"start":{"line":46,"column":16},"end":{"line":49,"column":33}},"10":{"start":{"line":50,"column":17},"end":{"line":58,"column":4}},"11":{"start":{"line":59,"column":2},"end":{"line":59,"column":24}},"12":{"start":{"line":62,"column":29},"end":{"line":68,"column":1}},"13":{"start":{"line":63,"column":17},"end":{"line":66,"column":3}},"14":{"start":{"line":67,"column":2},"end":{"line":67,"column":24}},"15":{"start":{"line":70,"column":33},"end":{"line":77,"column":1}},"16":{"start":{"line":71,"column":16},"end":{"line":74,"column":21}},"17":{"start":{"line":75,"column":17},"end":{"line":75,"column":49}},"18":{"start":{"line":76,"column":2},"end":{"line":76,"column":24}},"19":{"start":{"line":79,"column":36},"end":{"line":85,"column":1}},"20":{"start":{"line":80,"column":16},"end":{"line":82,"column":56}},"21":{"start":{"line":83,"column":17},"end":{"line":83,"column":49}},"22":{"start":{"line":84,"column":2},"end":{"line":84,"column":24}}},"fnMap":{"0":{"name":"(anonymous_0)","decl":{"start":{"line":3,"column":29},"end":{"line":3,"column":30}},"loc":{"start":{"line":12,"column":5},"end":{"line":28,"column":1}},"line":12},"1":{"name":"(anonymous_1)","decl":{"start":{"line":30,"column":26},"end":{"line":30,"column":27}},"loc":{"start":{"line":30,"column":44},"end":{"line":35,"column":1}},"line":30},"2":{"name":"(anonymous_2)","decl":{"start":{"line":37,"column":29},"end":{"line":37,"column":30}},"loc":{"start":{"line":45,"column":5},"end":{"line":60,"column":1}},"line":45},"3":{"name":"(anonymous_3)","decl":{"start":{"line":62,"column":29},"end":{"line":62,"column":30}},"loc":{"start":{"line":62,"column":47},"end":{"line":68,"column":1}},"line":62},"4":{"name":"(anonymous_4)","decl":{"start":{"line":70,"column":33},"end":{"line":70,"column":34}},"loc":{"start":{"line":70,"column":50},"end":{"line":77,"column":1}},"line":70},"5":{"name":"(anonymous_5)","decl":{"start":{"line":79,"column":36},"end":{"line":79,"column":37}},"loc":{"start":{"line":79,"column":53},"end":{"line":85,"column":1}},"line":79}},"branchMap":{},"s":{"0":3,"1":1,"2":1,"3":1,"4":1,"5":3,"6":1,"7":1,"8":3,"9":1,"10":1,"11":1,"12":3,"13":1,"14":1,"15":3,"16":1,"17":1,"18":1,"19":3,"20":1,"21":1,"22":1},"f":{"0":1,"1":1,"2":1,"3":1,"4":1,"5":1},"b":{},"_coverageSchema":"1a1c01bbd47fc00a2c39e90264f33305004495a9","hash":"447ed5158e206b6d44e7946aebfa52e0dd60d42e"}
,"C:\\Users\\jassu\\OneDrive\\Desktop\\goodnewsbaby\\finalproject\\crowd-funding-platform-client\\backend\\server\\user-service\\models\\userModel.js": {"path":"C:\\Users\\jassu\\OneDrive\\Desktop\\goodnewsbaby\\finalproject\\crowd-funding-platform-client\\backend\\server\\user-service\\models\\userModel.js","statementMap":{"0":{"start":{"line":3,"column":26},"end":{"line":8,"column":1}},"1":{"start":{"line":4,"column":16},"end":{"line":4,"column":101}},"2":{"start":{"line":5,"column":17},"end":{"line":5,"column":48}},"3":{"start":{"line":6,"column":17},"end":{"line":6,"column":48}},"4":{"start":{"line":7,"column":2},"end":{"line":7,"column":24}},"5":{"start":{"line":10,"column":31},"end":{"line":15,"column":1}},"6":{"start":{"line":11,"column":17},"end":{"line":13,"column":4}},"7":{"start":{"line":14,"column":2},"end":{"line":14,"column":24}},"8":{"start":{"line":17,"column":37},"end":{"line":23,"column":1}},"9":{"start":{"line":18,"column":17},"end":{"line":21,"column":3}},"10":{"start":{"line":22,"column":2},"end":{"line":22,"column":24}},"11":{"start":{"line":25,"column":33},"end":{"line":31,"column":1}},"12":{"start":{"line":26,"column":17},"end":{"line":29,"column":3}},"13":{"start":{"line":30,"column":2},"end":{"line":30,"column":24}},"14":{"start":{"line":32,"column":27},"end":{"line":37,"column":1}},"15":{"start":{"line":33,"column":17},"end":{"line":35,"column":3}},"16":{"start":{"line":36,"column":2},"end":{"line":36,"column":21}}},"fnMap":{"0":{"name":"(anonymous_0)","decl":{"start":{"line":3,"column":26},"end":{"line":3,"column":27}},"loc":{"start":{"line":3,"column":67},"end":{"line":8,"column":1}},"line":3},"1":{"name":"(anonymous_1)","decl":{"start":{"line":10,"column":31},"end":{"line":10,"column":32}},"loc":{"start":{"line":10,"column":48},"end":{"line":15,"column":1}},"line":10},"2":{"name":"(anonymous_2)","decl":{"start":{"line":17,"column":37},"end":{"line":17,"column":38}},"loc":{"start":{"line":17,"column":62},"end":{"line":23,"column":1}},"line":17},"3":{"name":"(anonymous_3)","decl":{"start":{"line":25,"column":33},"end":{"line":25,"column":34}},"loc":{"start":{"line":25,"column":50},"end":{"line":31,"column":1}},"line":25},"4":{"name":"(anonymous_4)","decl":{"start":{"line":32,"column":27},"end":{"line":32,"column":28}},"loc":{"start":{"line":32,"column":39},"end":{"line":37,"column":1}},"line":32}},"branchMap":{},"s":{"0":3,"1":1,"2":1,"3":1,"4":1,"5":3,"6":1,"7":1,"8":3,"9":1,"10":1,"11":3,"12":1,"13":1,"14":3,"15":1,"16":1},"f":{"0":1,"1":1,"2":1,"3":1,"4":1},"b":{},"_coverageSchema":"1a1c01bbd47fc00a2c39e90264f33305004495a9","hash":"95561afdee955f2f0b94ffa4db5dc0d496561784"}
,"C:\\Users\\jassu\\OneDrive\\Desktop\\goodnewsbaby\\finalproject\\crowd-funding-platform-client\\backend\\server\\user-service\\models\\verificationModel.js": {"path":"C:\\Users\\jassu\\OneDrive\\Desktop\\goodnewsbaby\\finalproject\\crowd-funding-platform-client\\backend\\server\\user-service\\models\\verificationModel.js","statementMap":{"0":{"start":{"line":3,"column":41},"end":{"line":16,"column":1}},"1":{"start":{"line":4,"column":16},"end":{"line":6,"column":79}},"2":{"start":{"line":7,"column":17},"end":{"line":13,"column":3}},"3":{"start":{"line":14,"column":17},"end":{"line":14,"column":48}},"4":{"start":{"line":15,"column":2},"end":{"line":15,"column":24}},"5":{"start":{"line":18,"column":38},"end":{"line":25,"column":1}},"6":{"start":{"line":19,"column":16},"end":{"line":22,"column":21}},"7":{"start":{"line":23,"column":17},"end":{"line":23,"column":49}},"8":{"start":{"line":24,"column":2},"end":{"line":24,"column":24}},"9":{"start":{"line":27,"column":41},"end":{"line":69,"column":1}},"10":{"start":{"line":28,"column":17},"end":{"line":28,"column":37}},"11":{"start":{"line":29,"column":2},"end":{"line":68,"column":3}},"12":{"start":{"line":30,"column":4},"end":{"line":30,"column":32}},"13":{"start":{"line":33,"column":24},"end":{"line":43,"column":20}},"14":{"start":{"line":44,"column":19},"end":{"line":51,"column":5}},"15":{"start":{"line":52,"column":28},"end":{"line":52,"column":67}},"16":{"start":{"line":53,"column":25},"end":{"line":53,"column":48}},"17":{"start":{"line":55,"column":4},"end":{"line":59,"column":5}},"18":{"start":{"line":56,"column":6},"end":{"line":58,"column":9}},"19":{"start":{"line":61,"column":4},"end":{"line":61,"column":33}},"20":{"start":{"line":62,"column":4},"end":{"line":62,"column":24}},"21":{"start":{"line":64,"column":4},"end":{"line":64,"column":35}},"22":{"start":{"line":65,"column":4},"end":{"line":65,"column":14}},"23":{"start":{"line":67,"column":4},"end":{"line":67,"column":21}},"24":{"start":{"line":71,"column":41},"end":{"line":79,"column":1}},"25":{"start":{"line":72,"column":16},"end":{"line":76,"column":18}},"26":{"start":{"line":77,"column":17},"end":{"line":77,"column":49}},"27":{"start":{"line":78,"column":2},"end":{"line":78,"column":24}},"28":{"start":{"line":81,"column":45},"end":{"line":117,"column":1}},"29":{"start":{"line":86,"column":17},"end":{"line":86,"column":37}},"30":{"start":{"line":87,"column":2},"end":{"line":116,"column":3}},"31":{"start":{"line":88,"column":4},"end":{"line":88,"column":32}},"32":{"start":{"line":90,"column":24},"end":{"line":95,"column":20}},"33":{"start":{"line":96,"column":28},"end":{"line":100,"column":6}},"34":{"start":{"line":101,"column":25},"end":{"line":101,"column":48}},"35":{"start":{"line":103,"column":4},"end":{"line":107,"column":5}},"36":{"start":{"line":104,"column":6},"end":{"line":106,"column":9}},"37":{"start":{"line":109,"column":4},"end":{"line":109,"column":33}},"38":{"start":{"line":110,"column":4},"end":{"line":110,"column":24}},"39":{"start":{"line":112,"column":4},"end":{"line":112,"column":35}},"40":{"start":{"line":113,"column":4},"end":{"line":113,"column":14}},"41":{"start":{"line":115,"column":4},"end":{"line":115,"column":21}},"42":{"start":{"line":119,"column":35},"end":{"line":136,"column":1}},"43":{"start":{"line":120,"column":14},"end":{"line":126,"column":3}},"44":{"start":{"line":127,"column":15},"end":{"line":127,"column":17}},"45":{"start":{"line":129,"column":2},"end":{"line":132,"column":3}},"46":{"start":{"line":130,"column":4},"end":{"line":130,"column":34}},"47":{"start":{"line":131,"column":4},"end":{"line":131,"column":22}},"48":{"start":{"line":134,"column":17},"end":{"line":134,"column":48}},"49":{"start":{"line":135,"column":2},"end":{"line":135,"column":21}}},"fnMap":{"0":{"name":"(anonymous_0)","decl":{"start":{"line":3,"column":41},"end":{"line":3,"column":42}},"loc":{"start":{"line":3,"column":64},"end":{"line":16,"column":1}},"line":3},"1":{"name":"(anonymous_1)","decl":{"start":{"line":18,"column":38},"end":{"line":18,"column":39}},"loc":{"start":{"line":18,"column":55},"end":{"line":25,"column":1}},"line":18},"2":{"name":"(anonymous_2)","decl":{"start":{"line":27,"column":41},"end":{"line":27,"column":42}},"loc":{"start":{"line":27,"column":72},"end":{"line":69,"column":1}},"line":27},"3":{"name":"(anonymous_3)","decl":{"start":{"line":71,"column":41},"end":{"line":71,"column":42}},"loc":{"start":{"line":71,"column":58},"end":{"line":79,"column":1}},"line":71},"4":{"name":"(anonymous_4)","decl":{"start":{"line":81,"column":45},"end":{"line":81,"column":46}},"loc":{"start":{"line":85,"column":5},"end":{"line":117,"column":1}},"line":85},"5":{"name":"(anonymous_5)","decl":{"start":{"line":119,"column":35},"end":{"line":119,"column":36}},"loc":{"start":{"line":119,"column":60},"end":{"line":136,"column":1}},"line":119}},"branchMap":{"0":{"loc":{"start":{"line":55,"column":4},"end":{"line":59,"column":5}},"type":"if","locations":[{"start":{"line":55,"column":4},"end":{"line":59,"column":5}},{"start":{},"end":{}}],"line":55},"1":{"loc":{"start":{"line":103,"column":4},"end":{"line":107,"column":5}},"type":"if","locations":[{"start":{"line":103,"column":4},"end":{"line":107,"column":5}},{"start":{},"end":{}}],"line":103},"2":{"loc":{"start":{"line":119,"column":42},"end":{"line":119,"column":55}},"type":"default-arg","locations":[{"start":{"line":119,"column":51},"end":{"line":119,"column":55}}],"line":119},"3":{"loc":{"start":{"line":129,"column":2},"end":{"line":132,"column":3}},"type":"if","locations":[{"start":{"line":129,"column":2},"end":{"line":132,"column":3}},{"start":{},"end":{}}],"line":129}},"s":{"0":3,"1":1,"2":1,"3":1,"4":1,"5":3,"6":1,"7":1,"8":1,"9":3,"10":3,"11":3,"12":3,"13":3,"14":3,"15":3,"16":2,"17":2,"18":1,"19":2,"20":2,"21":1,"22":1,"23":3,"24":3,"25":1,"26":1,"27":1,"28":3,"29":3,"30":3,"31":3,"32":3,"33":3,"34":2,"35":2,"36":2,"37":2,"38":2,"39":1,"40":1,"41":3,"42":3,"43":2,"44":2,"45":2,"46":1,"47":1,"48":2,"49":2},"f":{"0":1,"1":1,"2":3,"3":1,"4":3,"5":2},"b":{"0":[1,1],"1":[2,0],"2":[1],"3":[1,1]},"_coverageSchema":"1a1c01bbd47fc00a2c39e90264f33305004495a9","hash":"b7d9e5d4b59233b9e6518c1e42cdb50958ba74d2"}
}
