TN:
SF:controllers\adminController.js
FN:17,(anonymous_0)
FN:25,(anonymous_1)
FN:33,(anonymous_2)
FN:41,(anonymous_3)
FN:51,(anonymous_4)
FN:60,(anonymous_5)
FN:65,(anonymous_6)
FN:86,(anonymous_7)
FNF:8
FNH:8
FNDA:2,(anonymous_0)
FNDA:2,(anonymous_1)
FNDA:2,(anonymous_2)
FNDA:2,(anonymous_3)
FNDA:2,(anonymous_4)
FNDA:1,(anonymous_5)
FNDA:3,(anonymous_6)
FNDA:1,(anonymous_7)
DA:17,1
DA:18,2
DA:19,2
DA:20,2
DA:21,1
DA:22,1
DA:25,1
DA:26,2
DA:27,2
DA:28,2
DA:29,1
DA:30,1
DA:33,1
DA:34,2
DA:35,2
DA:36,2
DA:37,1
DA:38,1
DA:41,1
DA:42,2
DA:43,2
DA:44,2
DA:45,1
DA:48,1
DA:51,1
DA:52,2
DA:53,2
DA:54,2
DA:55,1
DA:58,1
DA:60,1
DA:61,1
DA:62,1
DA:65,1
DA:66,3
DA:67,3
DA:69,3
DA:70,1
DA:73,2
DA:78,2
DA:79,1
DA:83,1
DA:86,1
DA:87,1
DA:88,1
DA:89,1
LF:46
LH:46
BRDA:20,0,0,1
BRDA:20,0,1,1
BRDA:28,1,0,1
BRDA:28,1,1,1
BRDA:36,2,0,1
BRDA:36,2,1,1
BRDA:44,3,0,1
BRDA:44,3,1,1
BRDA:54,4,0,1
BRDA:54,4,1,1
BRDA:69,5,0,1
BRDA:69,5,1,2
BRDA:76,6,0,2
BRDA:76,6,1,2
BRDA:78,7,0,1
BRDA:78,7,1,1
BRDA:88,8,0,1
BRDA:88,8,1,1
BRF:18
BRH:18
end_of_record
TN:
SF:controllers\authController.js
FN:5,(anonymous_0)
FN:18,(anonymous_1)
FNF:2
FNH:2
FNDA:2,(anonymous_0)
FNDA:4,(anonymous_1)
DA:5,1
DA:6,2
DA:7,2
DA:8,2
DA:9,1
DA:11,1
DA:13,1
DA:14,1
DA:18,1
DA:19,4
DA:20,4
DA:21,4
DA:23,3
DA:24,1
DA:28,2
DA:29,2
DA:30,1
DA:35,1
DA:42,1
DA:51,1
DA:52,1
LF:21
LH:21
BRDA:23,0,0,1
BRDA:23,0,1,2
BRDA:29,1,0,1
BRDA:29,1,1,1
BRF:4
BRH:4
end_of_record
TN:
SF:controllers\profileController.js
FN:9,(anonymous_0)
FN:26,(anonymous_1)
FN:35,(anonymous_2)
FN:50,(anonymous_3)
FNF:4
FNH:4
FNDA:1,(anonymous_0)
FNDA:2,(anonymous_1)
FNDA:2,(anonymous_2)
FNDA:2,(anonymous_3)
DA:9,1
DA:11,1
DA:12,1
DA:13,1
DA:23,1
DA:26,1
DA:27,2
DA:28,2
DA:29,1
DA:32,1
DA:35,1
DA:36,2
DA:37,2
DA:38,2
DA:47,2
DA:50,1
DA:51,2
DA:52,2
DA:53,1
DA:56,1
LF:20
LH:20
BRDA:28,0,0,1
BRDA:28,0,1,1
BRDA:37,1,0,1
BRDA:37,1,1,1
BRDA:52,2,0,1
BRDA:52,2,1,1
BRF:6
BRH:6
end_of_record
TN:
SF:controllers\verificationController.js
FN:9,(anonymous_0)
FN:89,(anonymous_1)
FN:105,(anonymous_2)
FN:156,(anonymous_3)
FNF:4
FNH:4
FNDA:8,(anonymous_0)
FNDA:3,(anonymous_1)
FNDA:7,(anonymous_2)
FNDA:3,(anonymous_3)
DA:9,1
DA:10,8
DA:11,8
DA:12,8
DA:15,7
DA:16,2
DA:17,2
DA:32,2
DA:33,2
DA:37,5
DA:38,1
DA:45,4
DA:46,1
DA:52,3
DA:54,2
DA:55,2
DA:70,2
DA:71,2
DA:79,1
DA:84,1
DA:85,1
DA:89,1
DA:90,3
DA:91,3
DA:92,3
DA:93,2
DA:94,1
DA:98,1
DA:100,1
DA:101,1
DA:105,1
DA:106,7
DA:107,7
DA:108,7
DA:110,7
DA:111,6
DA:112,1
DA:116,5
DA:117,1
DA:122,4
DA:123,1
DA:127,3
DA:128,1
DA:132,2
DA:133,2
DA:148,2
DA:149,2
DA:151,1
DA:152,1
DA:156,1
DA:157,3
DA:158,3
DA:159,3
DA:160,2
DA:161,1
DA:165,1
DA:171,1
DA:172,1
LF:58
LH:58
BRDA:15,0,0,2
BRDA:15,0,1,5
BRDA:16,1,0,2
BRDA:16,1,1,0
BRDA:18,2,0,1
BRDA:18,2,1,1
BRDA:21,3,0,1
BRDA:21,3,1,1
BRDA:24,4,0,1
BRDA:24,4,1,1
BRDA:27,5,0,1
BRDA:27,5,1,1
BRDA:37,6,0,1
BRDA:37,6,1,4
BRDA:45,7,0,1
BRDA:45,7,1,3
BRDA:52,8,0,2
BRDA:52,8,1,1
BRDA:54,9,0,2
BRDA:54,9,1,0
BRDA:56,10,0,0
BRDA:56,10,1,2
BRDA:59,11,0,2
BRDA:59,11,1,0
BRDA:62,12,0,0
BRDA:62,12,1,2
BRDA:65,13,0,0
BRDA:65,13,1,2
BRDA:93,14,0,1
BRDA:93,14,1,1
BRDA:111,15,0,1
BRDA:111,15,1,5
BRDA:116,16,0,1
BRDA:116,16,1,4
BRDA:122,17,0,1
BRDA:122,17,1,3
BRDA:127,18,0,1
BRDA:127,18,1,2
BRDA:132,19,0,2
BRDA:132,19,1,0
BRDA:134,20,0,0
BRDA:134,20,1,2
BRDA:137,21,0,0
BRDA:137,21,1,2
BRDA:140,22,0,0
BRDA:140,22,1,2
BRDA:143,23,0,2
BRDA:143,23,1,0
BRDA:160,24,0,1
BRDA:160,24,1,1
BRF:50
BRH:39
end_of_record
TN:
SF:db\aws.js
FNF:0
FNH:0
DA:3,4
DA:4,4
DA:5,4
DA:6,4
DA:8,4
DA:9,1
DA:10,1
DA:11,1
DA:14,4
LF:9
LH:9
BRDA:8,0,0,1
BRDA:8,0,1,3
BRF:2
BRH:2
end_of_record
TN:
SF:db\db.js
FNF:0
FNH:0
DA:2,6
DA:4,6
LF:2
LH:2
BRF:0
BRH:0
end_of_record
TN:
SF:middleware\isAdmin.js
FN:1,(anonymous_0)
FNF:1
FNH:1
FNDA:3,(anonymous_0)
DA:1,1
DA:2,3
DA:3,2
DA:8,1
LF:4
LH:4
BRDA:2,0,0,2
BRDA:2,0,1,1
BRDA:2,1,0,3
BRDA:2,1,1,2
BRF:4
BRH:4
end_of_record
TN:
SF:middleware\isNGO.js
FN:1,(anonymous_0)
FNF:1
FNH:1
FNDA:3,(anonymous_0)
DA:1,1
DA:2,3
DA:3,1
DA:9,2
DA:10,1
DA:16,1
LF:6
LH:6
BRDA:2,0,0,1
BRDA:2,0,1,2
BRDA:9,1,0,1
BRDA:9,1,1,1
BRF:4
BRH:4
end_of_record
TN:
SF:middleware\uploadMiddleware.js
FN:18,(anonymous_0)
FNF:1
FNH:1
FNDA:3,(anonymous_0)
DA:5,4
DA:7,4
DA:9,4
DA:16,4
DA:18,4
DA:19,3
DA:20,2
DA:21,2
DA:30,2
DA:31,1
DA:33,1
DA:34,1
LF:12
LH:12
BRDA:19,0,0,1
BRDA:19,0,1,2
BRF:2
BRH:2
end_of_record
TN:
SF:models\profileModel.js
FN:3,(anonymous_0)
FN:30,(anonymous_1)
FN:37,(anonymous_2)
FN:62,(anonymous_3)
FN:70,(anonymous_4)
FN:79,(anonymous_5)
FNF:6
FNH:6
FNDA:1,(anonymous_0)
FNDA:1,(anonymous_1)
FNDA:1,(anonymous_2)
FNDA:1,(anonymous_3)
FNDA:1,(anonymous_4)
FNDA:1,(anonymous_5)
DA:3,3
DA:13,1
DA:16,1
DA:26,1
DA:27,1
DA:30,3
DA:31,1
DA:34,1
DA:37,3
DA:46,1
DA:50,1
DA:59,1
DA:62,3
DA:63,1
DA:67,1
DA:70,3
DA:71,1
DA:75,1
DA:76,1
DA:79,3
DA:80,1
DA:83,1
DA:84,1
LF:23
LH:23
BRF:0
BRH:0
end_of_record
TN:
SF:models\userModel.js
FN:3,(anonymous_0)
FN:10,(anonymous_1)
FN:17,(anonymous_2)
FN:25,(anonymous_3)
FN:32,(anonymous_4)
FNF:5
FNH:5
FNDA:1,(anonymous_0)
FNDA:1,(anonymous_1)
FNDA:1,(anonymous_2)
FNDA:1,(anonymous_3)
FNDA:1,(anonymous_4)
DA:3,3
DA:4,1
DA:5,1
DA:6,1
DA:7,1
DA:10,3
DA:11,1
DA:14,1
DA:17,3
DA:18,1
DA:22,1
DA:25,3
DA:26,1
DA:30,1
DA:32,3
DA:33,1
DA:36,1
LF:17
LH:17
BRF:0
BRH:0
end_of_record
TN:
SF:models\verificationModel.js
FN:3,(anonymous_0)
FN:18,(anonymous_1)
FN:27,(anonymous_2)
FN:71,(anonymous_3)
FN:81,(anonymous_4)
FN:119,(anonymous_5)
FNF:6
FNH:6
FNDA:1,(anonymous_0)
FNDA:1,(anonymous_1)
FNDA:3,(anonymous_2)
FNDA:1,(anonymous_3)
FNDA:3,(anonymous_4)
FNDA:2,(anonymous_5)
DA:3,3
DA:4,1
DA:7,1
DA:14,1
DA:15,1
DA:18,3
DA:19,1
DA:23,1
DA:24,1
DA:27,3
DA:28,3
DA:29,3
DA:30,3
DA:33,3
DA:44,3
DA:52,3
DA:53,2
DA:55,2
DA:56,1
DA:61,2
DA:62,2
DA:64,1
DA:65,1
DA:67,3
DA:71,3
DA:72,1
DA:77,1
DA:78,1
DA:81,3
DA:86,3
DA:87,3
DA:88,3
DA:90,3
DA:96,3
DA:101,2
DA:103,2
DA:104,2
DA:109,2
DA:110,2
DA:112,1
DA:113,1
DA:115,3
DA:119,3
DA:120,2
DA:127,2
DA:129,2
DA:130,1
DA:131,1
DA:134,2
DA:135,2
LF:50
LH:50
BRDA:55,0,0,1
BRDA:55,0,1,1
BRDA:103,1,0,2
BRDA:103,1,1,0
BRDA:119,2,0,1
BRDA:129,3,0,1
BRDA:129,3,1,1
BRF:7
BRH:6
end_of_record
